{"/Users/lylyyds/Desktop/ai运营大师/src/service/account-group.ts": {"path":"/Users/lylyyds/Desktop/ai运营大师/src/service/account-group.ts","statementMap":{"0":{"start":{"line":6,"column":8},"end":{"line":6,"column":null}},"1":{"start":{"line":7,"column":14},"end":{"line":7,"column":null}},"2":{"start":{"line":8,"column":8},"end":{"line":8,"column":null}},"3":{"start":{"line":9,"column":21},"end":{"line":9,"column":null}},"4":{"start":{"line":11,"column":30},"end":{"line":18,"column":null}},"5":{"start":{"line":20,"column":2},"end":{"line":23,"column":null}},"6":{"start":{"line":25,"column":2},"end":{"line":25,"column":null}},"7":{"start":{"line":29,"column":8},"end":{"line":29,"column":null}},"8":{"start":{"line":30,"column":14},"end":{"line":30,"column":null}},"9":{"start":{"line":31,"column":19},"end":{"line":31,"column":null}},"10":{"start":{"line":32,"column":2},"end":{"line":32,"column":null}},"11":{"start":{"line":32,"column":17},"end":{"line":32,"column":null}},"12":{"start":{"line":34,"column":25},"end":{"line":34,"column":null}},"13":{"start":{"line":35,"column":24},"end":{"line":35,"column":null}},"14":{"start":{"line":37,"column":2},"end":{"line":40,"column":null}},"15":{"start":{"line":38,"column":4},"end":{"line":38,"column":null}},"16":{"start":{"line":39,"column":4},"end":{"line":39,"column":null}},"17":{"start":{"line":41,"column":2},"end":{"line":44,"column":null}},"18":{"start":{"line":42,"column":4},"end":{"line":42,"column":null}},"19":{"start":{"line":43,"column":4},"end":{"line":43,"column":null}},"20":{"start":{"line":45,"column":2},"end":{"line":48,"column":null}},"21":{"start":{"line":46,"column":4},"end":{"line":46,"column":null}},"22":{"start":{"line":47,"column":4},"end":{"line":47,"column":null}},"23":{"start":{"line":50,"column":2},"end":{"line":50,"column":null}},"24":{"start":{"line":51,"column":2},"end":{"line":51,"column":null}},"25":{"start":{"line":53,"column":2},"end":{"line":60,"column":null}},"26":{"start":{"line":64,"column":8},"end":{"line":64,"column":null}},"27":{"start":{"line":65,"column":22},"end":{"line":69,"column":null}},"28":{"start":{"line":66,"column":4},"end":{"line":66,"column":null}},"29":{"start":{"line":67,"column":19},"end":{"line":67,"column":null}},"30":{"start":{"line":68,"column":4},"end":{"line":68,"column":null}},"31":{"start":{"line":70,"column":2},"end":{"line":70,"column":null}},"32":{"start":{"line":74,"column":8},"end":{"line":74,"column":null}},"33":{"start":{"line":75,"column":14},"end":{"line":75,"column":null}},"34":{"start":{"line":76,"column":2},"end":{"line":76,"column":null}},"35":{"start":{"line":80,"column":8},"end":{"line":80,"column":null}},"36":{"start":{"line":81,"column":15},"end":{"line":81,"column":null}},"37":{"start":{"line":82,"column":2},"end":{"line":89,"column":null}},"38":{"start":{"line":82,"column":28},"end":{"line":89,"column":4}},"39":{"start":{"line":93,"column":8},"end":{"line":93,"column":null}},"40":{"start":{"line":94,"column":14},"end":{"line":94,"column":null}},"41":{"start":{"line":95,"column":2},"end":{"line":95,"column":null}},"42":{"start":{"line":95,"column":12},"end":{"line":95,"column":null}},"43":{"start":{"line":96,"column":2},"end":{"line":103,"column":null}},"44":{"start":{"line":107,"column":8},"end":{"line":107,"column":null}},"45":{"start":{"line":108,"column":15},"end":{"line":108,"column":null}},"46":{"start":{"line":109,"column":22},"end":{"line":114,"column":null}},"47":{"start":{"line":110,"column":16},"end":{"line":110,"column":null}},"48":{"start":{"line":111,"column":4},"end":{"line":113,"column":null}},"49":{"start":{"line":112,"column":6},"end":{"line":112,"column":null}},"50":{"start":{"line":115,"column":2},"end":{"line":115,"column":null}}},"fnMap":{"0":{"name":"createGroup","decl":{"start":{"line":5,"column":16},"end":{"line":5,"column":28}},"loc":{"start":{"line":5,"column":72},"end":{"line":26,"column":null}},"line":5},"1":{"name":"updateGroup","decl":{"start":{"line":28,"column":16},"end":{"line":28,"column":28}},"loc":{"start":{"line":28,"column":125},"end":{"line":61,"column":null}},"line":28},"2":{"name":"deleteGroup","decl":{"start":{"line":63,"column":16},"end":{"line":63,"column":28}},"loc":{"start":{"line":63,"column":49},"end":{"line":71,"column":null}},"line":63},"3":{"name":"(anonymous_3)","decl":{"start":{"line":65,"column":37},"end":{"line":65,"column":43}},"loc":{"start":{"line":65,"column":43},"end":{"line":69,"column":3}},"line":65},"4":{"name":"getGroupAccountCount","decl":{"start":{"line":73,"column":16},"end":{"line":73,"column":37}},"loc":{"start":{"line":73,"column":62},"end":{"line":77,"column":null}},"line":73},"5":{"name":"listGroups","decl":{"start":{"line":79,"column":16},"end":{"line":79,"column":45}},"loc":{"start":{"line":79,"column":45},"end":{"line":90,"column":null}},"line":79},"6":{"name":"(anonymous_6)","decl":{"start":{"line":82,"column":18},"end":{"line":82,"column":19}},"loc":{"start":{"line":82,"column":28},"end":{"line":89,"column":4}},"line":82},"7":{"name":"getGroup","decl":{"start":{"line":92,"column":16},"end":{"line":92,"column":25}},"loc":{"start":{"line":92,"column":58},"end":{"line":104,"column":null}},"line":92},"8":{"name":"reorderGroups","decl":{"start":{"line":106,"column":16},"end":{"line":106,"column":30}},"loc":{"start":{"line":106,"column":81},"end":{"line":116,"column":null}},"line":106},"9":{"name":"(anonymous_9)","decl":{"start":{"line":109,"column":37},"end":{"line":109,"column":43}},"loc":{"start":{"line":109,"column":43},"end":{"line":114,"column":3}},"line":109}},"branchMap":{"0":{"loc":{"start":{"line":14,"column":11},"end":{"line":14,"column":null}},"type":"binary-expr","locations":[{"start":{"line":14,"column":11},"end":{"line":14,"column":20}},{"start":{"line":14,"column":20},"end":{"line":14,"column":null}}],"line":14},"1":{"loc":{"start":{"line":32,"column":2},"end":{"line":32,"column":null}},"type":"if","locations":[{"start":{"line":32,"column":2},"end":{"line":32,"column":null}},{"start":{},"end":{}}],"line":32},"2":{"loc":{"start":{"line":37,"column":2},"end":{"line":40,"column":null}},"type":"if","locations":[{"start":{"line":37,"column":2},"end":{"line":40,"column":null}},{"start":{},"end":{}}],"line":37},"3":{"loc":{"start":{"line":41,"column":2},"end":{"line":44,"column":null}},"type":"if","locations":[{"start":{"line":41,"column":2},"end":{"line":44,"column":null}},{"start":{},"end":{}}],"line":41},"4":{"loc":{"start":{"line":45,"column":2},"end":{"line":48,"column":null}},"type":"if","locations":[{"start":{"line":45,"column":2},"end":{"line":48,"column":null}},{"start":{},"end":{}}],"line":45},"5":{"loc":{"start":{"line":55,"column":10},"end":{"line":55,"column":null}},"type":"binary-expr","locations":[{"start":{"line":55,"column":10},"end":{"line":55,"column":26}},{"start":{"line":55,"column":26},"end":{"line":55,"column":null}}],"line":55},"6":{"loc":{"start":{"line":56,"column":11},"end":{"line":56,"column":null}},"type":"binary-expr","locations":[{"start":{"line":56,"column":11},"end":{"line":56,"column":28}},{"start":{"line":56,"column":28},"end":{"line":56,"column":null}}],"line":56},"7":{"loc":{"start":{"line":57,"column":15},"end":{"line":57,"column":null}},"type":"binary-expr","locations":[{"start":{"line":57,"column":15},"end":{"line":57,"column":36}},{"start":{"line":57,"column":36},"end":{"line":57,"column":null}}],"line":57},"8":{"loc":{"start":{"line":95,"column":2},"end":{"line":95,"column":null}},"type":"if","locations":[{"start":{"line":95,"column":2},"end":{"line":95,"column":null}},{"start":{},"end":{}}],"line":95}},"s":{"0":3,"1":3,"2":3,"3":3,"4":3,"5":3,"6":3,"7":5,"8":5,"9":5,"10":5,"11":1,"12":4,"13":4,"14":4,"15":2,"16":2,"17":4,"18":1,"19":1,"20":4,"21":1,"22":1,"23":4,"24":4,"25":4,"26":3,"27":3,"28":3,"29":3,"30":3,"31":3,"32":1,"33":1,"34":1,"35":2,"36":2,"37":2,"38":2,"39":2,"40":2,"41":2,"42":1,"43":1,"44":2,"45":2,"46":2,"47":2,"48":2,"49":3,"50":2},"f":{"0":3,"1":5,"2":3,"3":3,"4":1,"5":2,"6":2,"7":2,"8":2,"9":2},"b":{"0":[3,2],"1":[1,4],"2":[2,2],"3":[1,3],"4":[1,3],"5":[4,2],"6":[5,3],"7":[5,3],"8":[1,1]},"meta":{"lastBranch":9,"lastFunction":10,"lastStatement":51,"seen":{"f:5:16:5:28":0,"s:6:8:6:Infinity":0,"s:7:14:7:Infinity":1,"s:8:8:8:Infinity":2,"s:9:21:9:Infinity":3,"s:11:30:18:Infinity":4,"b:14:11:14:20:14:20:14:Infinity":0,"s:20:2:23:Infinity":5,"s:25:2:25:Infinity":6,"f:28:16:28:28":1,"s:29:8:29:Infinity":7,"s:30:14:30:Infinity":8,"s:31:19:31:Infinity":9,"b:32:2:32:Infinity:undefined:undefined:undefined:undefined":1,"s:32:2:32:Infinity":10,"s:32:17:32:Infinity":11,"s:34:25:34:Infinity":12,"s:35:24:35:Infinity":13,"b:37:2:40:Infinity:undefined:undefined:undefined:undefined":2,"s:37:2:40:Infinity":14,"s:38:4:38:Infinity":15,"s:39:4:39:Infinity":16,"b:41:2:44:Infinity:undefined:undefined:undefined:undefined":3,"s:41:2:44:Infinity":17,"s:42:4:42:Infinity":18,"s:43:4:43:Infinity":19,"b:45:2:48:Infinity:undefined:undefined:undefined:undefined":4,"s:45:2:48:Infinity":20,"s:46:4:46:Infinity":21,"s:47:4:47:Infinity":22,"s:50:2:50:Infinity":23,"s:51:2:51:Infinity":24,"s:53:2:60:Infinity":25,"b:55:10:55:26:55:26:55:Infinity":5,"b:56:11:56:28:56:28:56:Infinity":6,"b:57:15:57:36:57:36:57:Infinity":7,"f:63:16:63:28":2,"s:64:8:64:Infinity":26,"s:65:22:69:Infinity":27,"f:65:37:65:43":3,"s:66:4:66:Infinity":28,"s:67:19:67:Infinity":29,"s:68:4:68:Infinity":30,"s:70:2:70:Infinity":31,"f:73:16:73:37":4,"s:74:8:74:Infinity":32,"s:75:14:75:Infinity":33,"s:76:2:76:Infinity":34,"f:79:16:79:45":5,"s:80:8:80:Infinity":35,"s:81:15:81:Infinity":36,"s:82:2:89:Infinity":37,"f:82:18:82:19":6,"s:82:28:89:4":38,"f:92:16:92:25":7,"s:93:8:93:Infinity":39,"s:94:14:94:Infinity":40,"b:95:2:95:Infinity:undefined:undefined:undefined:undefined":8,"s:95:2:95:Infinity":41,"s:95:12:95:Infinity":42,"s:96:2:103:Infinity":43,"f:106:16:106:30":8,"s:107:8:107:Infinity":44,"s:108:15:108:Infinity":45,"s:109:22:114:Infinity":46,"f:109:37:109:43":9,"s:110:16:110:Infinity":47,"s:111:4:113:Infinity":48,"s:112:6:112:Infinity":49,"s:115:2:115:Infinity":50}}}
,"/Users/lylyyds/Desktop/ai运营大师/src/service/ai-director.ts": {"path":"/Users/lylyyds/Desktop/ai运营大师/src/service/ai-director.ts","statementMap":{"0":{"start":{"line":10,"column":22},"end":{"line":10,"column":null}},"1":{"start":{"line":11,"column":30},"end":{"line":11,"column":null}},"2":{"start":{"line":14,"column":2},"end":{"line":17,"column":null}},"3":{"start":{"line":15,"column":4},"end":{"line":15,"column":null}},"4":{"start":{"line":16,"column":4},"end":{"line":16,"column":null}},"5":{"start":{"line":18,"column":2},"end":{"line":18,"column":null}},"6":{"start":{"line":19,"column":2},"end":{"line":25,"column":null}},"7":{"start":{"line":20,"column":4},"end":{"line":20,"column":null}},"8":{"start":{"line":22,"column":4},"end":{"line":22,"column":null}},"9":{"start":{"line":23,"column":17},"end":{"line":23,"column":null}},"10":{"start":{"line":24,"column":4},"end":{"line":24,"column":null}},"11":{"start":{"line":24,"column":14},"end":{"line":24,"column":null}},"12":{"start":{"line":29,"column":30},"end":{"line":29,"column":null}},"13":{"start":{"line":33,"column":22},"end":{"line":34,"column":null}},"14":{"start":{"line":36,"column":2},"end":{"line":49,"column":null}},"15":{"start":{"line":37,"column":4},"end":{"line":48,"column":null}},"16":{"start":{"line":51,"column":2},"end":{"line":58,"column":null}},"17":{"start":{"line":52,"column":4},"end":{"line":57,"column":null}},"18":{"start":{"line":60,"column":2},"end":{"line":65,"column":null}},"19":{"start":{"line":70,"column":2},"end":{"line":95,"column":null}},"20":{"start":{"line":73,"column":6},"end":{"line":78,"column":null}},"21":{"start":{"line":79,"column":6},"end":{"line":79,"column":null}},"22":{"start":{"line":82,"column":6},"end":{"line":87,"column":null}},"23":{"start":{"line":88,"column":6},"end":{"line":88,"column":null}},"24":{"start":{"line":90,"column":6},"end":{"line":90,"column":null}},"25":{"start":{"line":91,"column":6},"end":{"line":91,"column":null}},"26":{"start":{"line":93,"column":6},"end":{"line":93,"column":null}},"27":{"start":{"line":94,"column":6},"end":{"line":94,"column":null}},"28":{"start":{"line":102,"column":8},"end":{"line":102,"column":null}},"29":{"start":{"line":103,"column":14},"end":{"line":103,"column":null}},"30":{"start":{"line":104,"column":24},"end":{"line":104,"column":null}},"31":{"start":{"line":106,"column":2},"end":{"line":113,"column":null}},"32":{"start":{"line":107,"column":4},"end":{"line":111,"column":null}},"33":{"start":{"line":112,"column":4},"end":{"line":112,"column":null}},"34":{"start":{"line":115,"column":2},"end":{"line":138,"column":null}},"35":{"start":{"line":117,"column":36},"end":{"line":117,"column":null}},"36":{"start":{"line":118,"column":20},"end":{"line":118,"column":null}},"37":{"start":{"line":119,"column":19},"end":{"line":119,"column":null}},"38":{"start":{"line":120,"column":4},"end":{"line":120,"column":null}},"39":{"start":{"line":123,"column":4},"end":{"line":123,"column":null}},"40":{"start":{"line":126,"column":21},"end":{"line":126,"column":null}},"41":{"start":{"line":127,"column":4},"end":{"line":127,"column":null}},"42":{"start":{"line":130,"column":4},"end":{"line":130,"column":null}},"43":{"start":{"line":133,"column":4},"end":{"line":133,"column":null}},"44":{"start":{"line":134,"column":4},"end":{"line":137,"column":null}},"45":{"start":{"line":142,"column":2},"end":{"line":142,"column":null}},"46":{"start":{"line":146,"column":2},"end":{"line":197,"column":null}},"47":{"start":{"line":147,"column":34},"end":{"line":147,"column":null}},"48":{"start":{"line":148,"column":20},"end":{"line":148,"column":null}},"49":{"start":{"line":149,"column":19},"end":{"line":149,"column":null}},"50":{"start":{"line":151,"column":24},"end":{"line":152,"column":null}},"51":{"start":{"line":155,"column":4},"end":{"line":155,"column":null}},"52":{"start":{"line":158,"column":4},"end":{"line":191,"column":null}},"53":{"start":{"line":160,"column":31},"end":{"line":160,"column":null}},"54":{"start":{"line":161,"column":6},"end":{"line":176,"column":null}},"55":{"start":{"line":162,"column":8},"end":{"line":175,"column":null}},"56":{"start":{"line":163,"column":30},"end":{"line":163,"column":null}},"57":{"start":{"line":164,"column":10},"end":{"line":164,"column":null}},"58":{"start":{"line":165,"column":10},"end":{"line":167,"column":null}},"59":{"start":{"line":166,"column":12},"end":{"line":166,"column":null}},"60":{"start":{"line":168,"column":10},"end":{"line":174,"column":null}},"61":{"start":{"line":178,"column":6},"end":{"line":183,"column":null}},"62":{"start":{"line":185,"column":6},"end":{"line":190,"column":null}},"63":{"start":{"line":193,"column":4},"end":{"line":193,"column":null}},"64":{"start":{"line":195,"column":4},"end":{"line":195,"column":null}},"65":{"start":{"line":196,"column":4},"end":{"line":196,"column":null}},"66":{"start":{"line":201,"column":2},"end":{"line":246,"column":null}},"67":{"start":{"line":202,"column":22},"end":{"line":202,"column":null}},"68":{"start":{"line":203,"column":4},"end":{"line":203,"column":null}},"69":{"start":{"line":203,"column":27},"end":{"line":203,"column":null}},"70":{"start":{"line":205,"column":16},"end":{"line":205,"column":null}},"71":{"start":{"line":206,"column":37},"end":{"line":206,"column":null}},"72":{"start":{"line":207,"column":20},"end":{"line":207,"column":null}},"73":{"start":{"line":208,"column":19},"end":{"line":208,"column":null}},"74":{"start":{"line":210,"column":24},"end":{"line":211,"column":null}},"75":{"start":{"line":214,"column":4},"end":{"line":214,"column":null}},"76":{"start":{"line":217,"column":4},"end":{"line":240,"column":null}},"77":{"start":{"line":218,"column":6},"end":{"line":232,"column":null}},"78":{"start":{"line":233,"column":4},"end":{"line":240,"column":null}},"79":{"start":{"line":234,"column":6},"end":{"line":239,"column":null}},"80":{"start":{"line":242,"column":4},"end":{"line":242,"column":null}},"81":{"start":{"line":244,"column":4},"end":{"line":244,"column":null}},"82":{"start":{"line":245,"column":4},"end":{"line":245,"column":null}},"83":{"start":{"line":250,"column":2},"end":{"line":266,"column":null}},"84":{"start":{"line":252,"column":6},"end":{"line":252,"column":null}},"85":{"start":{"line":252,"column":21},"end":{"line":252,"column":65}},"86":{"start":{"line":252,"column":65},"end":{"line":252,"column":72}},"87":{"start":{"line":253,"column":19},"end":{"line":253,"column":null}},"88":{"start":{"line":254,"column":6},"end":{"line":254,"column":null}},"89":{"start":{"line":254,"column":19},"end":{"line":254,"column":60}},"90":{"start":{"line":254,"column":60},"end":{"line":254,"column":67}},"91":{"start":{"line":255,"column":6},"end":{"line":255,"column":null}},"92":{"start":{"line":256,"column":6},"end":{"line":256,"column":null}},"93":{"start":{"line":259,"column":6},"end":{"line":259,"column":null}},"94":{"start":{"line":260,"column":6},"end":{"line":260,"column":null}},"95":{"start":{"line":262,"column":6},"end":{"line":262,"column":null}},"96":{"start":{"line":263,"column":6},"end":{"line":263,"column":null}},"97":{"start":{"line":265,"column":6},"end":{"line":265,"column":null}},"98":{"start":{"line":272,"column":32},"end":{"line":272,"column":null}},"99":{"start":{"line":273,"column":31},"end":{"line":273,"column":null}},"100":{"start":{"line":275,"column":2},"end":{"line":278,"column":null}},"101":{"start":{"line":276,"column":14},"end":{"line":276,"column":null}},"102":{"start":{"line":277,"column":4},"end":{"line":277,"column":null}},"103":{"start":{"line":277,"column":11},"end":{"line":277,"column":null}},"104":{"start":{"line":280,"column":2},"end":{"line":280,"column":null}},"105":{"start":{"line":281,"column":2},"end":{"line":281,"column":null}}},"fnMap":{"0":{"name":"analyzeWithQueue","decl":{"start":{"line":13,"column":15},"end":{"line":13,"column":32}},"loc":{"start":{"line":13,"column":59},"end":{"line":26,"column":null}},"line":13},"1":{"name":"buildFailureDecision","decl":{"start":{"line":32,"column":9},"end":{"line":32,"column":30}},"loc":{"start":{"line":32,"column":79},"end":{"line":66,"column":null}},"line":32},"2":{"name":"executeDecision","decl":{"start":{"line":69,"column":15},"end":{"line":69,"column":31}},"loc":{"start":{"line":69,"column":68},"end":{"line":96,"column":null}},"line":69},"3":{"name":"analyzeFailureImpl","decl":{"start":{"line":100,"column":15},"end":{"line":100,"column":34}},"loc":{"start":{"line":100,"column":61},"end":{"line":139,"column":null}},"line":100},"4":{"name":"analyzeFailure","decl":{"start":{"line":141,"column":22},"end":{"line":141,"column":37}},"loc":{"start":{"line":141,"column":64},"end":{"line":143,"column":null}},"line":141},"5":{"name":"dailyBriefing","decl":{"start":{"line":145,"column":22},"end":{"line":145,"column":36}},"loc":{"start":{"line":145,"column":83},"end":{"line":198,"column":null}},"line":145},"6":{"name":"checkHotTopics","decl":{"start":{"line":200,"column":22},"end":{"line":200,"column":37}},"loc":{"start":{"line":200,"column":91},"end":{"line":247,"column":null}},"line":200},"7":{"name":"analyzeNow","decl":{"start":{"line":249,"column":22},"end":{"line":249,"column":33}},"loc":{"start":{"line":249,"column":106},"end":{"line":267,"column":null}},"line":249},"8":{"name":"dailyBriefingAll","decl":{"start":{"line":271,"column":22},"end":{"line":271,"column":56}},"loc":{"start":{"line":271,"column":56},"end":{"line":282,"column":null}},"line":271}},"branchMap":{"0":{"loc":{"start":{"line":14,"column":2},"end":{"line":17,"column":null}},"type":"if","locations":[{"start":{"line":14,"column":2},"end":{"line":17,"column":null}},{"start":{},"end":{}}],"line":14},"1":{"loc":{"start":{"line":24,"column":4},"end":{"line":24,"column":null}},"type":"if","locations":[{"start":{"line":24,"column":4},"end":{"line":24,"column":null}},{"start":{},"end":{}}],"line":24},"2":{"loc":{"start":{"line":33,"column":22},"end":{"line":34,"column":null}},"type":"cond-expr","locations":[{"start":{"line":34,"column":6},"end":{"line":34,"column":26}},{"start":{"line":34,"column":26},"end":{"line":34,"column":null}}],"line":33},"3":{"loc":{"start":{"line":33,"column":22},"end":{"line":33,"column":null}},"type":"binary-expr","locations":[{"start":{"line":33,"column":22},"end":{"line":33,"column":63}},{"start":{"line":33,"column":63},"end":{"line":33,"column":89}},{"start":{"line":33,"column":89},"end":{"line":33,"column":null}}],"line":33},"4":{"loc":{"start":{"line":36,"column":2},"end":{"line":49,"column":null}},"type":"if","locations":[{"start":{"line":36,"column":2},"end":{"line":49,"column":null}},{"start":{},"end":{}}],"line":36},"5":{"loc":{"start":{"line":36,"column":6},"end":{"line":36,"column":48}},"type":"binary-expr","locations":[{"start":{"line":36,"column":6},"end":{"line":36,"column":28}},{"start":{"line":36,"column":28},"end":{"line":36,"column":48}}],"line":36},"6":{"loc":{"start":{"line":51,"column":2},"end":{"line":58,"column":null}},"type":"if","locations":[{"start":{"line":51,"column":2},"end":{"line":58,"column":null}},{"start":{},"end":{}}],"line":51},"7":{"loc":{"start":{"line":51,"column":6},"end":{"line":51,"column":49}},"type":"binary-expr","locations":[{"start":{"line":51,"column":6},"end":{"line":51,"column":28}},{"start":{"line":51,"column":28},"end":{"line":51,"column":49}}],"line":51},"8":{"loc":{"start":{"line":70,"column":2},"end":{"line":95,"column":null}},"type":"switch","locations":[{"start":{"line":71,"column":4},"end":{"line":79,"column":null}},{"start":{"line":80,"column":4},"end":{"line":88,"column":null}},{"start":{"line":89,"column":4},"end":{"line":91,"column":null}},{"start":{"line":92,"column":4},"end":{"line":94,"column":null}}],"line":70},"9":{"loc":{"start":{"line":104,"column":24},"end":{"line":104,"column":null}},"type":"binary-expr","locations":[{"start":{"line":104,"column":24},"end":{"line":104,"column":50}},{"start":{"line":104,"column":50},"end":{"line":104,"column":null}}],"line":104},"10":{"loc":{"start":{"line":106,"column":2},"end":{"line":113,"column":null}},"type":"if","locations":[{"start":{"line":106,"column":2},"end":{"line":113,"column":null}},{"start":{},"end":{}}],"line":106},"11":{"loc":{"start":{"line":151,"column":24},"end":{"line":152,"column":null}},"type":"cond-expr","locations":[{"start":{"line":152,"column":8},"end":{"line":152,"column":28}},{"start":{"line":152,"column":28},"end":{"line":152,"column":null}}],"line":151},"12":{"loc":{"start":{"line":151,"column":24},"end":{"line":151,"column":null}},"type":"binary-expr","locations":[{"start":{"line":151,"column":24},"end":{"line":151,"column":65}},{"start":{"line":151,"column":65},"end":{"line":151,"column":91}},{"start":{"line":151,"column":91},"end":{"line":151,"column":null}}],"line":151},"13":{"loc":{"start":{"line":158,"column":4},"end":{"line":191,"column":null}},"type":"if","locations":[{"start":{"line":158,"column":4},"end":{"line":191,"column":null}},{"start":{"line":184,"column":11},"end":{"line":191,"column":null}}],"line":158},"14":{"loc":{"start":{"line":161,"column":27},"end":{"line":161,"column":59}},"type":"binary-expr","locations":[{"start":{"line":161,"column":27},"end":{"line":161,"column":55}},{"start":{"line":161,"column":55},"end":{"line":161,"column":59}}],"line":161},"15":{"loc":{"start":{"line":162,"column":28},"end":{"line":162,"column":53}},"type":"binary-expr","locations":[{"start":{"line":162,"column":28},"end":{"line":162,"column":48}},{"start":{"line":162,"column":48},"end":{"line":162,"column":53}}],"line":162},"16":{"loc":{"start":{"line":165,"column":10},"end":{"line":167,"column":null}},"type":"if","locations":[{"start":{"line":165,"column":10},"end":{"line":167,"column":null}},{"start":{},"end":{}}],"line":165},"17":{"loc":{"start":{"line":180,"column":29},"end":{"line":180,"column":66}},"type":"binary-expr","locations":[{"start":{"line":180,"column":29},"end":{"line":180,"column":65}},{"start":{"line":180,"column":65},"end":{"line":180,"column":66}}],"line":180},"18":{"loc":{"start":{"line":203,"column":4},"end":{"line":203,"column":null}},"type":"if","locations":[{"start":{"line":203,"column":4},"end":{"line":203,"column":null}},{"start":{},"end":{}}],"line":203},"19":{"loc":{"start":{"line":210,"column":24},"end":{"line":211,"column":null}},"type":"cond-expr","locations":[{"start":{"line":211,"column":8},"end":{"line":211,"column":28}},{"start":{"line":211,"column":28},"end":{"line":211,"column":null}}],"line":210},"20":{"loc":{"start":{"line":210,"column":24},"end":{"line":210,"column":null}},"type":"binary-expr","locations":[{"start":{"line":210,"column":24},"end":{"line":210,"column":65}},{"start":{"line":210,"column":65},"end":{"line":210,"column":91}},{"start":{"line":210,"column":91},"end":{"line":210,"column":null}}],"line":210},"21":{"loc":{"start":{"line":217,"column":4},"end":{"line":240,"column":null}},"type":"if","locations":[{"start":{"line":217,"column":4},"end":{"line":240,"column":null}},{"start":{"line":233,"column":4},"end":{"line":240,"column":null}}],"line":217},"22":{"loc":{"start":{"line":217,"column":8},"end":{"line":217,"column":49}},"type":"binary-expr","locations":[{"start":{"line":217,"column":8},"end":{"line":217,"column":30}},{"start":{"line":217,"column":30},"end":{"line":217,"column":49}}],"line":217},"23":{"loc":{"start":{"line":233,"column":4},"end":{"line":240,"column":null}},"type":"if","locations":[{"start":{"line":233,"column":4},"end":{"line":240,"column":null}},{"start":{},"end":{}}],"line":233},"24":{"loc":{"start":{"line":233,"column":15},"end":{"line":233,"column":56}},"type":"binary-expr","locations":[{"start":{"line":233,"column":15},"end":{"line":233,"column":37}},{"start":{"line":233,"column":37},"end":{"line":233,"column":56}}],"line":233},"25":{"loc":{"start":{"line":250,"column":2},"end":{"line":266,"column":null}},"type":"switch","locations":[{"start":{"line":251,"column":4},"end":{"line":257,"column":null}},{"start":{"line":258,"column":4},"end":{"line":260,"column":null}},{"start":{"line":261,"column":4},"end":{"line":263,"column":null}},{"start":{"line":264,"column":4},"end":{"line":265,"column":null}}],"line":250},"26":{"loc":{"start":{"line":252,"column":6},"end":{"line":252,"column":null}},"type":"if","locations":[{"start":{"line":252,"column":6},"end":{"line":252,"column":null}},{"start":{},"end":{}}],"line":252},"27":{"loc":{"start":{"line":254,"column":6},"end":{"line":254,"column":null}},"type":"if","locations":[{"start":{"line":254,"column":6},"end":{"line":254,"column":null}},{"start":{},"end":{}}],"line":254},"28":{"loc":{"start":{"line":277,"column":4},"end":{"line":277,"column":null}},"type":"if","locations":[{"start":{"line":277,"column":4},"end":{"line":277,"column":null}},{"start":{},"end":{}}],"line":277}},"s":{"0":1,"1":1,"2":3,"3":0,"4":0,"5":3,"6":3,"7":3,"8":3,"9":3,"10":3,"11":0,"12":1,"13":2,"14":2,"15":1,"16":1,"17":0,"18":1,"19":2,"20":1,"21":1,"22":0,"23":0,"24":1,"25":1,"26":0,"27":0,"28":3,"29":3,"30":3,"31":3,"32":1,"33":1,"34":2,"35":2,"36":2,"37":2,"38":2,"39":2,"40":2,"41":2,"42":2,"43":0,"44":0,"45":2,"46":3,"47":3,"48":3,"49":3,"50":3,"51":3,"52":3,"53":2,"54":2,"55":2,"56":2,"57":2,"58":2,"59":2,"60":2,"61":2,"62":1,"63":3,"64":0,"65":0,"66":3,"67":3,"68":3,"69":2,"70":1,"71":1,"72":1,"73":1,"74":1,"75":3,"76":3,"77":1,"78":0,"79":0,"80":1,"81":0,"82":0,"83":4,"84":2,"85":1,"86":1,"87":1,"88":1,"89":0,"90":0,"91":1,"92":1,"93":1,"94":1,"95":1,"96":1,"97":0,"98":0,"99":0,"100":0,"101":0,"102":0,"103":0,"104":0,"105":0},"f":{"0":3,"1":2,"2":2,"3":3,"4":2,"5":3,"6":3,"7":4,"8":0},"b":{"0":[0,3],"1":[0,3],"2":[2,0],"3":[2,2,2],"4":[1,1],"5":[2,1],"6":[0,1],"7":[1,0],"8":[1,0,1,0],"9":[3,2],"10":[1,2],"11":[3,0],"12":[3,3,3],"13":[2,1],"14":[2,0],"15":[2,0],"16":[2,0],"17":[2,0],"18":[2,1],"19":[1,0],"20":[1,1,1],"21":[1,0],"22":[3,1],"23":[0,0],"24":[0,0],"25":[2,1,1,0],"26":[1,1],"27":[0,1],"28":[0,0]},"meta":{"lastBranch":29,"lastFunction":9,"lastStatement":106,"seen":{"s:10:22:10:Infinity":0,"s:11:30:11:Infinity":1,"f:13:15:13:32":0,"b:14:2:17:Infinity:undefined:undefined:undefined:undefined":0,"s:14:2:17:Infinity":2,"s:15:4:15:Infinity":3,"s:16:4:16:Infinity":4,"s:18:2:18:Infinity":5,"s:19:2:25:Infinity":6,"s:20:4:20:Infinity":7,"s:22:4:22:Infinity":8,"s:23:17:23:Infinity":9,"b:24:4:24:Infinity:undefined:undefined:undefined:undefined":1,"s:24:4:24:Infinity":10,"s:24:14:24:Infinity":11,"s:29:30:29:Infinity":12,"f:32:9:32:30":1,"s:33:22:34:Infinity":13,"b:34:6:34:26:34:26:34:Infinity":2,"b:33:22:33:63:33:63:33:89:33:89:33:Infinity":3,"b:36:2:49:Infinity:undefined:undefined:undefined:undefined":4,"s:36:2:49:Infinity":14,"b:36:6:36:28:36:28:36:48":5,"s:37:4:48:Infinity":15,"b:51:2:58:Infinity:undefined:undefined:undefined:undefined":6,"s:51:2:58:Infinity":16,"b:51:6:51:28:51:28:51:49":7,"s:52:4:57:Infinity":17,"s:60:2:65:Infinity":18,"f:69:15:69:31":2,"b:71:4:79:Infinity:80:4:88:Infinity:89:4:91:Infinity:92:4:94:Infinity":8,"s:70:2:95:Infinity":19,"s:73:6:78:Infinity":20,"s:79:6:79:Infinity":21,"s:82:6:87:Infinity":22,"s:88:6:88:Infinity":23,"s:90:6:90:Infinity":24,"s:91:6:91:Infinity":25,"s:93:6:93:Infinity":26,"s:94:6:94:Infinity":27,"f:100:15:100:34":3,"s:102:8:102:Infinity":28,"s:103:14:103:Infinity":29,"s:104:24:104:Infinity":30,"b:104:24:104:50:104:50:104:Infinity":9,"b:106:2:113:Infinity:undefined:undefined:undefined:undefined":10,"s:106:2:113:Infinity":31,"s:107:4:111:Infinity":32,"s:112:4:112:Infinity":33,"s:115:2:138:Infinity":34,"s:117:36:117:Infinity":35,"s:118:20:118:Infinity":36,"s:119:19:119:Infinity":37,"s:120:4:120:Infinity":38,"s:123:4:123:Infinity":39,"s:126:21:126:Infinity":40,"s:127:4:127:Infinity":41,"s:130:4:130:Infinity":42,"s:133:4:133:Infinity":43,"s:134:4:137:Infinity":44,"f:141:22:141:37":4,"s:142:2:142:Infinity":45,"f:145:22:145:36":5,"s:146:2:197:Infinity":46,"s:147:34:147:Infinity":47,"s:148:20:148:Infinity":48,"s:149:19:149:Infinity":49,"s:151:24:152:Infinity":50,"b:152:8:152:28:152:28:152:Infinity":11,"b:151:24:151:65:151:65:151:91:151:91:151:Infinity":12,"s:155:4:155:Infinity":51,"b:158:4:191:Infinity:184:11:191:Infinity":13,"s:158:4:191:Infinity":52,"s:160:31:160:Infinity":53,"s:161:6:176:Infinity":54,"b:161:27:161:55:161:55:161:59":14,"s:162:8:175:Infinity":55,"b:162:28:162:48:162:48:162:53":15,"s:163:30:163:Infinity":56,"s:164:10:164:Infinity":57,"b:165:10:167:Infinity:undefined:undefined:undefined:undefined":16,"s:165:10:167:Infinity":58,"s:166:12:166:Infinity":59,"s:168:10:174:Infinity":60,"s:178:6:183:Infinity":61,"b:180:29:180:65:180:65:180:66":17,"s:185:6:190:Infinity":62,"s:193:4:193:Infinity":63,"s:195:4:195:Infinity":64,"s:196:4:196:Infinity":65,"f:200:22:200:37":6,"s:201:2:246:Infinity":66,"s:202:22:202:Infinity":67,"b:203:4:203:Infinity:undefined:undefined:undefined:undefined":18,"s:203:4:203:Infinity":68,"s:203:27:203:Infinity":69,"s:205:16:205:Infinity":70,"s:206:37:206:Infinity":71,"s:207:20:207:Infinity":72,"s:208:19:208:Infinity":73,"s:210:24:211:Infinity":74,"b:211:8:211:28:211:28:211:Infinity":19,"b:210:24:210:65:210:65:210:91:210:91:210:Infinity":20,"s:214:4:214:Infinity":75,"b:217:4:240:Infinity:233:4:240:Infinity":21,"s:217:4:240:Infinity":76,"b:217:8:217:30:217:30:217:49":22,"s:218:6:232:Infinity":77,"b:233:4:240:Infinity:undefined:undefined:undefined:undefined":23,"s:233:4:240:Infinity":78,"b:233:15:233:37:233:37:233:56":24,"s:234:6:239:Infinity":79,"s:242:4:242:Infinity":80,"s:244:4:244:Infinity":81,"s:245:4:245:Infinity":82,"f:249:22:249:33":7,"b:251:4:257:Infinity:258:4:260:Infinity:261:4:263:Infinity:264:4:265:Infinity":25,"s:250:2:266:Infinity":83,"b:252:6:252:Infinity:undefined:undefined:undefined:undefined":26,"s:252:6:252:Infinity":84,"s:252:21:252:65":85,"s:252:65:252:72":86,"s:253:19:253:Infinity":87,"b:254:6:254:Infinity:undefined:undefined:undefined:undefined":27,"s:254:6:254:Infinity":88,"s:254:19:254:60":89,"s:254:60:254:67":90,"s:255:6:255:Infinity":91,"s:256:6:256:Infinity":92,"s:259:6:259:Infinity":93,"s:260:6:260:Infinity":94,"s:262:6:262:Infinity":95,"s:263:6:263:Infinity":96,"s:265:6:265:Infinity":97,"f:271:22:271:56":8,"s:272:32:272:Infinity":98,"s:273:31:273:Infinity":99,"s:275:2:278:Infinity":100,"s:276:14:276:Infinity":101,"b:277:4:277:Infinity:undefined:undefined:undefined:undefined":28,"s:277:4:277:Infinity":102,"s:277:11:277:Infinity":103,"s:280:2:280:Infinity":104,"s:281:2:281:Infinity":105}}}
,"/Users/lylyyds/Desktop/ai运营大师/src/service/ai-gateway.ts": {"path":"/Users/lylyyds/Desktop/ai运营大师/src/service/ai-gateway.ts","statementMap":{"0":{"start":{"line":42,"column":0},"end":{"line":42,"column":null}},"1":{"start":{"line":43,"column":2},"end":{"line":43,"column":null}},"2":{"start":{"line":44,"column":2},"end":{"line":44,"column":null}},"3":{"start":{"line":45,"column":2},"end":{"line":45,"column":null}},"4":{"start":{"line":42,"column":5},"end":{"line":42,"column":null}},"5":{"start":{"line":48,"column":34},"end":{"line":48,"column":null}},"6":{"start":{"line":49,"column":30},"end":{"line":49,"column":null}},"7":{"start":{"line":50,"column":34},"end":{"line":50,"column":null}},"8":{"start":{"line":53,"column":32},"end":{"line":53,"column":null}},"9":{"start":{"line":54,"column":25},"end":{"line":54,"column":null}},"10":{"start":{"line":55,"column":25},"end":{"line":55,"column":null}},"11":{"start":{"line":56,"column":28},"end":{"line":56,"column":null}},"12":{"start":{"line":66,"column":4},"end":{"line":66,"column":null}},"13":{"start":{"line":67,"column":4},"end":{"line":67,"column":null}},"14":{"start":{"line":68,"column":4},"end":{"line":68,"column":null}},"15":{"start":{"line":75,"column":4},"end":{"line":82,"column":null}},"16":{"start":{"line":76,"column":6},"end":{"line":81,"column":null}},"17":{"start":{"line":77,"column":8},"end":{"line":77,"column":null}},"18":{"start":{"line":78,"column":8},"end":{"line":78,"column":null}},"19":{"start":{"line":80,"column":8},"end":{"line":80,"column":null}},"20":{"start":{"line":84,"column":4},"end":{"line":91,"column":null}},"21":{"start":{"line":85,"column":21},"end":{"line":85,"column":null}},"22":{"start":{"line":86,"column":6},"end":{"line":86,"column":null}},"23":{"start":{"line":87,"column":6},"end":{"line":87,"column":null}},"24":{"start":{"line":89,"column":6},"end":{"line":89,"column":null}},"25":{"start":{"line":90,"column":6},"end":{"line":90,"column":null}},"26":{"start":{"line":95,"column":4},"end":{"line":105,"column":null}},"27":{"start":{"line":96,"column":6},"end":{"line":96,"column":null}},"28":{"start":{"line":97,"column":6},"end":{"line":102,"column":null}},"29":{"start":{"line":98,"column":8},"end":{"line":98,"column":null}},"30":{"start":{"line":99,"column":8},"end":{"line":99,"column":null}},"31":{"start":{"line":100,"column":8},"end":{"line":100,"column":null}},"32":{"start":{"line":101,"column":8},"end":{"line":101,"column":null}},"33":{"start":{"line":104,"column":6},"end":{"line":104,"column":null}},"34":{"start":{"line":109,"column":4},"end":{"line":109,"column":null}},"35":{"start":{"line":110,"column":4},"end":{"line":110,"column":null}},"36":{"start":{"line":112,"column":4},"end":{"line":118,"column":null}},"37":{"start":{"line":113,"column":6},"end":{"line":113,"column":null}},"38":{"start":{"line":114,"column":6},"end":{"line":114,"column":null}},"39":{"start":{"line":115,"column":4},"end":{"line":118,"column":null}},"40":{"start":{"line":116,"column":6},"end":{"line":116,"column":null}},"41":{"start":{"line":117,"column":6},"end":{"line":117,"column":null}},"42":{"start":{"line":122,"column":4},"end":{"line":122,"column":null}},"43":{"start":{"line":138,"column":56},"end":{"line":138,"column":null}},"44":{"start":{"line":139,"column":58},"end":{"line":139,"column":null}},"45":{"start":{"line":140,"column":56},"end":{"line":140,"column":null}},"46":{"start":{"line":143,"column":4},"end":{"line":143,"column":null}},"47":{"start":{"line":148,"column":43},"end":{"line":152,"column":null}},"48":{"start":{"line":153,"column":4},"end":{"line":155,"column":null}},"49":{"start":{"line":154,"column":6},"end":{"line":154,"column":null}},"50":{"start":{"line":164,"column":22},"end":{"line":164,"column":null}},"51":{"start":{"line":167,"column":22},"end":{"line":167,"column":null}},"52":{"start":{"line":169,"column":4},"end":{"line":171,"column":null}},"53":{"start":{"line":170,"column":6},"end":{"line":170,"column":null}},"54":{"start":{"line":174,"column":34},"end":{"line":174,"column":null}},"55":{"start":{"line":175,"column":4},"end":{"line":221,"column":null}},"56":{"start":{"line":176,"column":29},"end":{"line":176,"column":null}},"57":{"start":{"line":178,"column":6},"end":{"line":220,"column":null}},"58":{"start":{"line":179,"column":24},"end":{"line":181,"column":null}},"59":{"start":{"line":180,"column":10},"end":{"line":180,"column":null}},"60":{"start":{"line":184,"column":8},"end":{"line":207,"column":null}},"61":{"start":{"line":185,"column":10},"end":{"line":206,"column":null}},"62":{"start":{"line":186,"column":38},"end":{"line":186,"column":null}},"63":{"start":{"line":187,"column":12},"end":{"line":195,"column":null}},"64":{"start":{"line":198,"column":12},"end":{"line":205,"column":null}},"65":{"start":{"line":209,"column":8},"end":{"line":215,"column":null}},"66":{"start":{"line":217,"column":8},"end":{"line":217,"column":null}},"67":{"start":{"line":218,"column":8},"end":{"line":218,"column":null}},"68":{"start":{"line":219,"column":8},"end":{"line":219,"column":null}},"69":{"start":{"line":224,"column":4},"end":{"line":224,"column":null}},"70":{"start":{"line":225,"column":4},"end":{"line":230,"column":null}},"71":{"start":{"line":237,"column":82},"end":{"line":237,"column":null}},"72":{"start":{"line":239,"column":4},"end":{"line":268,"column":null}},"73":{"start":{"line":241,"column":23},"end":{"line":241,"column":null}},"74":{"start":{"line":242,"column":6},"end":{"line":244,"column":null}},"75":{"start":{"line":243,"column":8},"end":{"line":243,"column":null}},"76":{"start":{"line":245,"column":4},"end":{"line":268,"column":null}},"77":{"start":{"line":247,"column":28},"end":{"line":247,"column":null}},"78":{"start":{"line":248,"column":6},"end":{"line":250,"column":null}},"79":{"start":{"line":249,"column":8},"end":{"line":249,"column":null}},"80":{"start":{"line":252,"column":6},"end":{"line":256,"column":null}},"81":{"start":{"line":253,"column":8},"end":{"line":255,"column":null}},"82":{"start":{"line":254,"column":10},"end":{"line":254,"column":null}},"83":{"start":{"line":259,"column":30},"end":{"line":259,"column":null}},"84":{"start":{"line":260,"column":6},"end":{"line":262,"column":null}},"85":{"start":{"line":261,"column":8},"end":{"line":261,"column":null}},"86":{"start":{"line":263,"column":6},"end":{"line":267,"column":null}},"87":{"start":{"line":264,"column":8},"end":{"line":266,"column":null}},"88":{"start":{"line":265,"column":10},"end":{"line":265,"column":null}},"89":{"start":{"line":270,"column":4},"end":{"line":270,"column":null}},"90":{"start":{"line":278,"column":18},"end":{"line":278,"column":null}},"91":{"start":{"line":279,"column":19},"end":{"line":279,"column":null}},"92":{"start":{"line":281,"column":4},"end":{"line":283,"column":null}},"93":{"start":{"line":282,"column":6},"end":{"line":282,"column":null}},"94":{"start":{"line":286,"column":4},"end":{"line":295,"column":null}},"95":{"start":{"line":288,"column":8},"end":{"line":288,"column":null}},"96":{"start":{"line":290,"column":8},"end":{"line":290,"column":null}},"97":{"start":{"line":292,"column":8},"end":{"line":292,"column":null}},"98":{"start":{"line":294,"column":8},"end":{"line":294,"column":null}},"99":{"start":{"line":302,"column":4},"end":{"line":329,"column":null}},"100":{"start":{"line":304,"column":8},"end":{"line":304,"column":null}},"101":{"start":{"line":306,"column":8},"end":{"line":306,"column":null}},"102":{"start":{"line":308,"column":8},"end":{"line":308,"column":null}},"103":{"start":{"line":310,"column":8},"end":{"line":310,"column":null}},"104":{"start":{"line":312,"column":8},"end":{"line":312,"column":null}},"105":{"start":{"line":314,"column":8},"end":{"line":314,"column":null}},"106":{"start":{"line":316,"column":8},"end":{"line":316,"column":null}},"107":{"start":{"line":318,"column":8},"end":{"line":318,"column":null}},"108":{"start":{"line":320,"column":8},"end":{"line":320,"column":null}},"109":{"start":{"line":322,"column":8},"end":{"line":322,"column":null}},"110":{"start":{"line":324,"column":8},"end":{"line":324,"column":null}},"111":{"start":{"line":326,"column":8},"end":{"line":326,"column":null}},"112":{"start":{"line":328,"column":8},"end":{"line":328,"column":null}},"113":{"start":{"line":336,"column":4},"end":{"line":352,"column":null}},"114":{"start":{"line":344,"column":8},"end":{"line":344,"column":null}},"115":{"start":{"line":346,"column":8},"end":{"line":346,"column":null}},"116":{"start":{"line":348,"column":8},"end":{"line":348,"column":null}},"117":{"start":{"line":351,"column":8},"end":{"line":351,"column":null}},"118":{"start":{"line":359,"column":23},"end":{"line":359,"column":null}},"119":{"start":{"line":361,"column":21},"end":{"line":374,"column":null}},"120":{"start":{"line":376,"column":4},"end":{"line":379,"column":null}},"121":{"start":{"line":377,"column":24},"end":{"line":377,"column":null}},"122":{"start":{"line":378,"column":6},"end":{"line":378,"column":null}},"123":{"start":{"line":381,"column":17},"end":{"line":381,"column":null}},"124":{"start":{"line":382,"column":4},"end":{"line":384,"column":null}},"125":{"start":{"line":383,"column":6},"end":{"line":383,"column":null}},"126":{"start":{"line":386,"column":4},"end":{"line":389,"column":null}},"127":{"start":{"line":398,"column":23},"end":{"line":398,"column":null}},"128":{"start":{"line":400,"column":21},"end":{"line":413,"column":null}},"129":{"start":{"line":415,"column":4},"end":{"line":418,"column":null}},"130":{"start":{"line":416,"column":24},"end":{"line":416,"column":null}},"131":{"start":{"line":417,"column":6},"end":{"line":417,"column":null}},"132":{"start":{"line":420,"column":17},"end":{"line":420,"column":null}},"133":{"start":{"line":421,"column":21},"end":{"line":421,"column":null}},"134":{"start":{"line":422,"column":4},"end":{"line":424,"column":null}},"135":{"start":{"line":423,"column":6},"end":{"line":423,"column":null}},"136":{"start":{"line":426,"column":4},"end":{"line":429,"column":null}},"137":{"start":{"line":437,"column":23},"end":{"line":437,"column":null}},"138":{"start":{"line":439,"column":21},"end":{"line":452,"column":null}},"139":{"start":{"line":454,"column":4},"end":{"line":457,"column":null}},"140":{"start":{"line":455,"column":24},"end":{"line":455,"column":null}},"141":{"start":{"line":456,"column":6},"end":{"line":456,"column":null}},"142":{"start":{"line":459,"column":17},"end":{"line":459,"column":null}},"143":{"start":{"line":460,"column":21},"end":{"line":460,"column":null}},"144":{"start":{"line":461,"column":4},"end":{"line":463,"column":null}},"145":{"start":{"line":462,"column":6},"end":{"line":462,"column":null}},"146":{"start":{"line":465,"column":4},"end":{"line":468,"column":null}},"147":{"start":{"line":475,"column":4},"end":{"line":489,"column":null}},"148":{"start":{"line":482,"column":8},"end":{"line":482,"column":null}},"149":{"start":{"line":484,"column":8},"end":{"line":484,"column":null}},"150":{"start":{"line":486,"column":8},"end":{"line":486,"column":null}},"151":{"start":{"line":488,"column":8},"end":{"line":488,"column":null}},"152":{"start":{"line":496,"column":23},"end":{"line":496,"column":null}},"153":{"start":{"line":498,"column":21},"end":{"line":510,"column":null}},"154":{"start":{"line":512,"column":4},"end":{"line":515,"column":null}},"155":{"start":{"line":513,"column":24},"end":{"line":513,"column":null}},"156":{"start":{"line":514,"column":6},"end":{"line":514,"column":null}},"157":{"start":{"line":517,"column":19},"end":{"line":517,"column":null}},"158":{"start":{"line":518,"column":4},"end":{"line":518,"column":null}},"159":{"start":{"line":525,"column":23},"end":{"line":525,"column":null}},"160":{"start":{"line":527,"column":21},"end":{"line":542,"column":null}},"161":{"start":{"line":544,"column":4},"end":{"line":547,"column":null}},"162":{"start":{"line":545,"column":24},"end":{"line":545,"column":null}},"163":{"start":{"line":546,"column":6},"end":{"line":546,"column":null}},"164":{"start":{"line":549,"column":19},"end":{"line":549,"column":null}},"165":{"start":{"line":550,"column":4},"end":{"line":550,"column":null}},"166":{"start":{"line":557,"column":23},"end":{"line":557,"column":null}},"167":{"start":{"line":559,"column":21},"end":{"line":570,"column":null}},"168":{"start":{"line":572,"column":4},"end":{"line":575,"column":null}},"169":{"start":{"line":573,"column":24},"end":{"line":573,"column":null}},"170":{"start":{"line":574,"column":6},"end":{"line":574,"column":null}},"171":{"start":{"line":577,"column":17},"end":{"line":577,"column":null}},"172":{"start":{"line":578,"column":22},"end":{"line":578,"column":null}},"173":{"start":{"line":579,"column":4},"end":{"line":581,"column":null}},"174":{"start":{"line":580,"column":6},"end":{"line":580,"column":null}},"175":{"start":{"line":583,"column":4},"end":{"line":583,"column":null}},"176":{"start":{"line":590,"column":4},"end":{"line":598,"column":null}},"177":{"start":{"line":592,"column":8},"end":{"line":592,"column":null}},"178":{"start":{"line":594,"column":8},"end":{"line":594,"column":null}},"179":{"start":{"line":597,"column":8},"end":{"line":597,"column":null}},"180":{"start":{"line":606,"column":23},"end":{"line":606,"column":null}},"181":{"start":{"line":608,"column":21},"end":{"line":618,"column":null}},"182":{"start":{"line":620,"column":4},"end":{"line":623,"column":null}},"183":{"start":{"line":621,"column":24},"end":{"line":621,"column":null}},"184":{"start":{"line":622,"column":6},"end":{"line":622,"column":null}},"185":{"start":{"line":625,"column":17},"end":{"line":625,"column":null}},"186":{"start":{"line":628,"column":4},"end":{"line":635,"column":null}},"187":{"start":{"line":629,"column":6},"end":{"line":634,"column":null}},"188":{"start":{"line":638,"column":21},"end":{"line":638,"column":null}},"189":{"start":{"line":639,"column":4},"end":{"line":641,"column":null}},"190":{"start":{"line":640,"column":6},"end":{"line":640,"column":null}},"191":{"start":{"line":643,"column":4},"end":{"line":643,"column":null}},"192":{"start":{"line":651,"column":23},"end":{"line":651,"column":null}},"193":{"start":{"line":653,"column":21},"end":{"line":663,"column":null}},"194":{"start":{"line":665,"column":4},"end":{"line":668,"column":null}},"195":{"start":{"line":666,"column":24},"end":{"line":666,"column":null}},"196":{"start":{"line":667,"column":6},"end":{"line":667,"column":null}},"197":{"start":{"line":670,"column":17},"end":{"line":670,"column":null}},"198":{"start":{"line":673,"column":4},"end":{"line":679,"column":null}},"199":{"start":{"line":674,"column":6},"end":{"line":678,"column":null}},"200":{"start":{"line":681,"column":21},"end":{"line":681,"column":null}},"201":{"start":{"line":682,"column":4},"end":{"line":684,"column":null}},"202":{"start":{"line":683,"column":6},"end":{"line":683,"column":null}},"203":{"start":{"line":686,"column":4},"end":{"line":686,"column":null}},"204":{"start":{"line":694,"column":23},"end":{"line":694,"column":null}},"205":{"start":{"line":695,"column":22},"end":{"line":695,"column":null}},"206":{"start":{"line":697,"column":34},"end":{"line":697,"column":null}},"207":{"start":{"line":699,"column":4},"end":{"line":742,"column":null}},"208":{"start":{"line":700,"column":6},"end":{"line":741,"column":null}},"209":{"start":{"line":701,"column":25},"end":{"line":711,"column":null}},"210":{"start":{"line":713,"column":8},"end":{"line":734,"column":null}},"211":{"start":{"line":714,"column":23},"end":{"line":714,"column":null}},"212":{"start":{"line":716,"column":27},"end":{"line":716,"column":null}},"213":{"start":{"line":717,"column":10},"end":{"line":719,"column":null}},"214":{"start":{"line":718,"column":12},"end":{"line":718,"column":null}},"215":{"start":{"line":721,"column":10},"end":{"line":723,"column":null}},"216":{"start":{"line":722,"column":12},"end":{"line":722,"column":null}},"217":{"start":{"line":725,"column":10},"end":{"line":731,"column":null}},"218":{"start":{"line":726,"column":12},"end":{"line":730,"column":null}},"219":{"start":{"line":733,"column":10},"end":{"line":733,"column":null}},"220":{"start":{"line":736,"column":26},"end":{"line":736,"column":null}},"221":{"start":{"line":737,"column":8},"end":{"line":737,"column":null}},"222":{"start":{"line":739,"column":8},"end":{"line":739,"column":null}},"223":{"start":{"line":740,"column":8},"end":{"line":740,"column":null}},"224":{"start":{"line":744,"column":4},"end":{"line":744,"column":null}},"225":{"start":{"line":748,"column":21},"end":{"line":764,"column":null}},"226":{"start":{"line":766,"column":4},"end":{"line":769,"column":null}},"227":{"start":{"line":767,"column":24},"end":{"line":767,"column":null}},"228":{"start":{"line":768,"column":6},"end":{"line":768,"column":null}},"229":{"start":{"line":771,"column":17},"end":{"line":771,"column":null}},"230":{"start":{"line":772,"column":4},"end":{"line":774,"column":null}},"231":{"start":{"line":773,"column":6},"end":{"line":773,"column":null}},"232":{"start":{"line":775,"column":4},"end":{"line":775,"column":null}},"233":{"start":{"line":779,"column":21},"end":{"line":794,"column":null}},"234":{"start":{"line":796,"column":4},"end":{"line":799,"column":null}},"235":{"start":{"line":797,"column":24},"end":{"line":797,"column":null}},"236":{"start":{"line":798,"column":6},"end":{"line":798,"column":null}},"237":{"start":{"line":801,"column":17},"end":{"line":801,"column":null}},"238":{"start":{"line":802,"column":4},"end":{"line":804,"column":null}},"239":{"start":{"line":803,"column":6},"end":{"line":803,"column":null}},"240":{"start":{"line":805,"column":4},"end":{"line":805,"column":null}},"241":{"start":{"line":809,"column":21},"end":{"line":819,"column":null}},"242":{"start":{"line":821,"column":4},"end":{"line":824,"column":null}},"243":{"start":{"line":822,"column":24},"end":{"line":822,"column":null}},"244":{"start":{"line":823,"column":6},"end":{"line":823,"column":null}},"245":{"start":{"line":826,"column":17},"end":{"line":826,"column":null}},"246":{"start":{"line":827,"column":4},"end":{"line":827,"column":null}},"247":{"start":{"line":834,"column":21},"end":{"line":850,"column":null}},"248":{"start":{"line":852,"column":4},"end":{"line":855,"column":null}},"249":{"start":{"line":853,"column":24},"end":{"line":853,"column":null}},"250":{"start":{"line":854,"column":6},"end":{"line":854,"column":null}},"251":{"start":{"line":857,"column":17},"end":{"line":857,"column":null}},"252":{"start":{"line":858,"column":4},"end":{"line":860,"column":null}},"253":{"start":{"line":859,"column":6},"end":{"line":859,"column":null}},"254":{"start":{"line":861,"column":4},"end":{"line":861,"column":null}},"255":{"start":{"line":869,"column":58},"end":{"line":869,"column":null}},"256":{"start":{"line":870,"column":4},"end":{"line":872,"column":null}},"257":{"start":{"line":871,"column":6},"end":{"line":871,"column":null}},"258":{"start":{"line":873,"column":4},"end":{"line":873,"column":null}},"259":{"start":{"line":875,"column":21},"end":{"line":897,"column":null}},"260":{"start":{"line":899,"column":4},"end":{"line":902,"column":null}},"261":{"start":{"line":900,"column":24},"end":{"line":900,"column":null}},"262":{"start":{"line":901,"column":6},"end":{"line":901,"column":null}},"263":{"start":{"line":904,"column":17},"end":{"line":904,"column":null}},"264":{"start":{"line":905,"column":4},"end":{"line":907,"column":null}},"265":{"start":{"line":906,"column":6},"end":{"line":906,"column":null}},"266":{"start":{"line":908,"column":4},"end":{"line":908,"column":null}},"267":{"start":{"line":922,"column":10},"end":{"line":922,"column":null}},"268":{"start":{"line":923,"column":16},"end":{"line":923,"column":null}},"269":{"start":{"line":926,"column":24},"end":{"line":926,"column":null}},"270":{"start":{"line":927,"column":4},"end":{"line":929,"column":null}},"271":{"start":{"line":928,"column":6},"end":{"line":928,"column":null}},"272":{"start":{"line":931,"column":33},"end":{"line":940,"column":null}},"273":{"start":{"line":942,"column":4},"end":{"line":956,"column":null}},"274":{"start":{"line":959,"column":4},"end":{"line":961,"column":null}},"275":{"start":{"line":960,"column":6},"end":{"line":960,"column":null}},"276":{"start":{"line":963,"column":4},"end":{"line":963,"column":null}},"277":{"start":{"line":964,"column":4},"end":{"line":964,"column":null}},"278":{"start":{"line":966,"column":4},"end":{"line":966,"column":null}},"279":{"start":{"line":973,"column":10},"end":{"line":973,"column":null}},"280":{"start":{"line":974,"column":17},"end":{"line":974,"column":null}},"281":{"start":{"line":976,"column":4},"end":{"line":989,"column":null}},"282":{"start":{"line":977,"column":35},"end":{"line":986,"column":null}},"283":{"start":{"line":988,"column":6},"end":{"line":988,"column":null}},"284":{"start":{"line":991,"column":4},"end":{"line":991,"column":null}},"285":{"start":{"line":994,"column":4},"end":{"line":994,"column":null}},"286":{"start":{"line":1001,"column":10},"end":{"line":1001,"column":null}},"287":{"start":{"line":1002,"column":17},"end":{"line":1008,"column":null}},"288":{"start":{"line":1010,"column":4},"end":{"line":1010,"column":null}},"289":{"start":{"line":1011,"column":4},"end":{"line":1023,"column":null}},"290":{"start":{"line":1012,"column":35},"end":{"line":1021,"column":null}},"291":{"start":{"line":1022,"column":6},"end":{"line":1022,"column":null}},"292":{"start":{"line":1025,"column":4},"end":{"line":1025,"column":null}},"293":{"start":{"line":1032,"column":10},"end":{"line":1032,"column":null}},"294":{"start":{"line":1033,"column":16},"end":{"line":1033,"column":null}},"295":{"start":{"line":1035,"column":21},"end":{"line":1035,"column":null}},"296":{"start":{"line":1035,"column":68},"end":{"line":1035,"column":87}},"297":{"start":{"line":1036,"column":4},"end":{"line":1038,"column":null}},"298":{"start":{"line":1037,"column":6},"end":{"line":1037,"column":null}},"299":{"start":{"line":1040,"column":4},"end":{"line":1044,"column":null}},"300":{"start":{"line":1046,"column":4},"end":{"line":1046,"column":null}},"301":{"start":{"line":1047,"column":4},"end":{"line":1047,"column":null}},"302":{"start":{"line":1054,"column":4},"end":{"line":1054,"column":null}},"303":{"start":{"line":1061,"column":4},"end":{"line":1061,"column":null}},"304":{"start":{"line":1068,"column":4},"end":{"line":1072,"column":null}},"305":{"start":{"line":1069,"column":6},"end":{"line":1071,"column":null}},"306":{"start":{"line":1070,"column":8},"end":{"line":1070,"column":null}},"307":{"start":{"line":1074,"column":4},"end":{"line":1074,"column":null}},"308":{"start":{"line":1081,"column":4},"end":{"line":1083,"column":null}},"309":{"start":{"line":1082,"column":6},"end":{"line":1082,"column":null}},"310":{"start":{"line":1084,"column":4},"end":{"line":1084,"column":null}},"311":{"start":{"line":1091,"column":4},"end":{"line":1091,"column":null}},"312":{"start":{"line":1098,"column":4},"end":{"line":1105,"column":null}},"313":{"start":{"line":1114,"column":28},"end":{"line":1114,"column":null}},"314":{"start":{"line":1116,"column":4},"end":{"line":1121,"column":null}},"315":{"start":{"line":1125,"column":25},"end":{"line":1125,"column":null}}},"fnMap":{"0":{"name":"(anonymous_0)","decl":{"start":{"line":42,"column":0},"end":{"line":42,"column":5}},"loc":{"start":{"line":42,"column":0},"end":{"line":42,"column":null}},"line":42},"1":{"name":"(anonymous_1)","decl":{"start":{"line":61,"column":2},"end":{"line":61,"column":14}},"loc":{"start":{"line":65,"column":5},"end":{"line":69,"column":null}},"line":65},"2":{"name":"(anonymous_2)","decl":{"start":{"line":74,"column":8},"end":{"line":74,"column":19}},"loc":{"start":{"line":74,"column":53},"end":{"line":92,"column":null}},"line":74},"3":{"name":"(anonymous_3)","decl":{"start":{"line":94,"column":10},"end":{"line":94,"column":28}},"loc":{"start":{"line":94,"column":28},"end":{"line":106,"column":null}},"line":94},"4":{"name":"(anonymous_4)","decl":{"start":{"line":108,"column":10},"end":{"line":108,"column":28}},"loc":{"start":{"line":108,"column":28},"end":{"line":119,"column":null}},"line":108},"5":{"name":"(anonymous_5)","decl":{"start":{"line":121,"column":2},"end":{"line":121,"column":60}},"loc":{"start":{"line":121,"column":60},"end":{"line":123,"column":null}},"line":121},"6":{"name":"(anonymous_6)","decl":{"start":{"line":142,"column":6},"end":{"line":142,"column":51}},"loc":{"start":{"line":142,"column":51},"end":{"line":144,"column":null}},"line":142},"7":{"name":"(anonymous_7)","decl":{"start":{"line":146,"column":2},"end":{"line":146,"column":16}},"loc":{"start":{"line":146,"column":16},"end":{"line":156,"column":null}},"line":146},"8":{"name":"(anonymous_8)","decl":{"start":{"line":163,"column":8},"end":{"line":163,"column":17}},"loc":{"start":{"line":163,"column":58},"end":{"line":231,"column":null}},"line":163},"9":{"name":"(anonymous_9)","decl":{"start":{"line":179,"column":53},"end":{"line":179,"column":65}},"loc":{"start":{"line":179,"column":65},"end":{"line":181,"column":9}},"line":179},"10":{"name":"(anonymous_10)","decl":{"start":{"line":236,"column":10},"end":{"line":236,"column":30}},"loc":{"start":{"line":236,"column":113},"end":{"line":271,"column":null}},"line":236},"11":{"name":"(anonymous_11)","decl":{"start":{"line":277,"column":16},"end":{"line":277,"column":29}},"loc":{"start":{"line":277,"column":88},"end":{"line":296,"column":null}},"line":277},"12":{"name":"(anonymous_12)","decl":{"start":{"line":301,"column":16},"end":{"line":301,"column":33}},"loc":{"start":{"line":301,"column":123},"end":{"line":330,"column":null}},"line":301},"13":{"name":"(anonymous_13)","decl":{"start":{"line":335,"column":16},"end":{"line":335,"column":34}},"loc":{"start":{"line":335,"column":124},"end":{"line":353,"column":null}},"line":335},"14":{"name":"(anonymous_14)","decl":{"start":{"line":358,"column":16},"end":{"line":358,"column":42}},"loc":{"start":{"line":358,"column":132},"end":{"line":390,"column":null}},"line":358},"15":{"name":"(anonymous_15)","decl":{"start":{"line":396,"column":16},"end":{"line":396,"column":32}},"loc":{"start":{"line":396,"column":122},"end":{"line":430,"column":null}},"line":396},"16":{"name":"(anonymous_16)","decl":{"start":{"line":436,"column":16},"end":{"line":436,"column":33}},"loc":{"start":{"line":436,"column":123},"end":{"line":469,"column":null}},"line":436},"17":{"name":"(anonymous_17)","decl":{"start":{"line":474,"column":16},"end":{"line":474,"column":34}},"loc":{"start":{"line":474,"column":124},"end":{"line":490,"column":null}},"line":474},"18":{"name":"(anonymous_18)","decl":{"start":{"line":495,"column":16},"end":{"line":495,"column":42}},"loc":{"start":{"line":495,"column":132},"end":{"line":519,"column":null}},"line":495},"19":{"name":"(anonymous_19)","decl":{"start":{"line":524,"column":16},"end":{"line":524,"column":32}},"loc":{"start":{"line":524,"column":122},"end":{"line":551,"column":null}},"line":524},"20":{"name":"(anonymous_20)","decl":{"start":{"line":556,"column":16},"end":{"line":556,"column":33}},"loc":{"start":{"line":556,"column":123},"end":{"line":584,"column":null}},"line":556},"21":{"name":"(anonymous_21)","decl":{"start":{"line":589,"column":16},"end":{"line":589,"column":34}},"loc":{"start":{"line":589,"column":124},"end":{"line":599,"column":null}},"line":589},"22":{"name":"(anonymous_22)","decl":{"start":{"line":605,"column":16},"end":{"line":605,"column":32}},"loc":{"start":{"line":605,"column":122},"end":{"line":644,"column":null}},"line":605},"23":{"name":"(anonymous_23)","decl":{"start":{"line":650,"column":16},"end":{"line":650,"column":33}},"loc":{"start":{"line":650,"column":123},"end":{"line":687,"column":null}},"line":650},"24":{"name":"(anonymous_24)","decl":{"start":{"line":693,"column":16},"end":{"line":693,"column":33}},"loc":{"start":{"line":693,"column":123},"end":{"line":745,"column":null}},"line":693},"25":{"name":"(anonymous_25)","decl":{"start":{"line":747,"column":16},"end":{"line":747,"column":27}},"loc":{"start":{"line":747,"column":117},"end":{"line":776,"column":null}},"line":747},"26":{"name":"(anonymous_26)","decl":{"start":{"line":778,"column":16},"end":{"line":778,"column":30}},"loc":{"start":{"line":778,"column":120},"end":{"line":806,"column":null}},"line":778},"27":{"name":"(anonymous_27)","decl":{"start":{"line":808,"column":16},"end":{"line":808,"column":27}},"loc":{"start":{"line":808,"column":101},"end":{"line":828,"column":null}},"line":808},"28":{"name":"(anonymous_28)","decl":{"start":{"line":833,"column":16},"end":{"line":833,"column":37}},"loc":{"start":{"line":833,"column":127},"end":{"line":862,"column":null}},"line":833},"29":{"name":"(anonymous_29)","decl":{"start":{"line":867,"column":16},"end":{"line":867,"column":26}},"loc":{"start":{"line":867,"column":116},"end":{"line":909,"column":null}},"line":867},"30":{"name":"(anonymous_30)","decl":{"start":{"line":914,"column":8},"end":{"line":914,"column":20}},"loc":{"start":{"line":921,"column":26},"end":{"line":967,"column":null}},"line":921},"31":{"name":"(anonymous_31)","decl":{"start":{"line":972,"column":8},"end":{"line":972,"column":39}},"loc":{"start":{"line":972,"column":39},"end":{"line":995,"column":null}},"line":972},"32":{"name":"(anonymous_32)","decl":{"start":{"line":1000,"column":8},"end":{"line":1000,"column":46}},"loc":{"start":{"line":1000,"column":46},"end":{"line":1026,"column":null}},"line":1000},"33":{"name":"(anonymous_33)","decl":{"start":{"line":1031,"column":8},"end":{"line":1031,"column":21}},"loc":{"start":{"line":1031,"column":76},"end":{"line":1048,"column":null}},"line":1031},"34":{"name":"(anonymous_34)","decl":{"start":{"line":1035,"column":63},"end":{"line":1035,"column":68}},"loc":{"start":{"line":1035,"column":68},"end":{"line":1035,"column":87}},"line":1035},"35":{"name":"(anonymous_35)","decl":{"start":{"line":1053,"column":2},"end":{"line":1053,"column":25}},"loc":{"start":{"line":1053,"column":69},"end":{"line":1055,"column":null}},"line":1053},"36":{"name":"(anonymous_36)","decl":{"start":{"line":1060,"column":2},"end":{"line":1060,"column":51}},"loc":{"start":{"line":1060,"column":51},"end":{"line":1062,"column":null}},"line":1060},"37":{"name":"(anonymous_37)","decl":{"start":{"line":1067,"column":2},"end":{"line":1067,"column":47}},"loc":{"start":{"line":1067,"column":47},"end":{"line":1075,"column":null}},"line":1067},"38":{"name":"(anonymous_38)","decl":{"start":{"line":1080,"column":8},"end":{"line":1080,"column":26}},"loc":{"start":{"line":1080,"column":72},"end":{"line":1085,"column":null}},"line":1080},"39":{"name":"(anonymous_39)","decl":{"start":{"line":1090,"column":2},"end":{"line":1090,"column":26}},"loc":{"start":{"line":1090,"column":103},"end":{"line":1092,"column":null}},"line":1090},"40":{"name":"(anonymous_40)","decl":{"start":{"line":1097,"column":10},"end":{"line":1097,"column":31}},"loc":{"start":{"line":1097,"column":68},"end":{"line":1108,"column":null}},"line":1097},"41":{"name":"(anonymous_41)","decl":{"start":{"line":1113,"column":8},"end":{"line":1113,"column":16}},"loc":{"start":{"line":1113,"column":66},"end":{"line":1122,"column":null}},"line":1113}},"branchMap":{"0":{"loc":{"start":{"line":42,"column":5},"end":{"line":42,"column":null}},"type":"binary-expr","locations":[{"start":{"line":42,"column":5},"end":{"line":42,"column":null}},{"start":{"line":42,"column":5},"end":{"line":42,"column":null}}],"line":42},"1":{"loc":{"start":{"line":66,"column":28},"end":{"line":66,"column":null}},"type":"binary-expr","locations":[{"start":{"line":66,"column":28},"end":{"line":66,"column":57}},{"start":{"line":66,"column":57},"end":{"line":66,"column":null}}],"line":66},"2":{"loc":{"start":{"line":67,"column":24},"end":{"line":67,"column":null}},"type":"binary-expr","locations":[{"start":{"line":67,"column":24},"end":{"line":67,"column":49}},{"start":{"line":67,"column":49},"end":{"line":67,"column":null}}],"line":67},"3":{"loc":{"start":{"line":68,"column":28},"end":{"line":68,"column":null}},"type":"binary-expr","locations":[{"start":{"line":68,"column":28},"end":{"line":68,"column":57}},{"start":{"line":68,"column":57},"end":{"line":68,"column":null}}],"line":68},"4":{"loc":{"start":{"line":75,"column":4},"end":{"line":82,"column":null}},"type":"if","locations":[{"start":{"line":75,"column":4},"end":{"line":82,"column":null}},{"start":{},"end":{}}],"line":75},"5":{"loc":{"start":{"line":76,"column":6},"end":{"line":81,"column":null}},"type":"if","locations":[{"start":{"line":76,"column":6},"end":{"line":81,"column":null}},{"start":{"line":79,"column":13},"end":{"line":81,"column":null}}],"line":76},"6":{"loc":{"start":{"line":95,"column":4},"end":{"line":105,"column":null}},"type":"if","locations":[{"start":{"line":95,"column":4},"end":{"line":105,"column":null}},{"start":{"line":103,"column":11},"end":{"line":105,"column":null}}],"line":95},"7":{"loc":{"start":{"line":97,"column":6},"end":{"line":102,"column":null}},"type":"if","locations":[{"start":{"line":97,"column":6},"end":{"line":102,"column":null}},{"start":{},"end":{}}],"line":97},"8":{"loc":{"start":{"line":112,"column":4},"end":{"line":118,"column":null}},"type":"if","locations":[{"start":{"line":112,"column":4},"end":{"line":118,"column":null}},{"start":{"line":115,"column":4},"end":{"line":118,"column":null}}],"line":112},"9":{"loc":{"start":{"line":115,"column":4},"end":{"line":118,"column":null}},"type":"if","locations":[{"start":{"line":115,"column":4},"end":{"line":118,"column":null}},{"start":{},"end":{}}],"line":115},"10":{"loc":{"start":{"line":169,"column":4},"end":{"line":171,"column":null}},"type":"if","locations":[{"start":{"line":169,"column":4},"end":{"line":171,"column":null}},{"start":{},"end":{}}],"line":169},"11":{"loc":{"start":{"line":184,"column":8},"end":{"line":207,"column":null}},"type":"if","locations":[{"start":{"line":184,"column":8},"end":{"line":207,"column":null}},{"start":{},"end":{}}],"line":184},"12":{"loc":{"start":{"line":193,"column":21},"end":{"line":193,"column":null}},"type":"binary-expr","locations":[{"start":{"line":193,"column":21},"end":{"line":193,"column":38}},{"start":{"line":193,"column":38},"end":{"line":193,"column":null}}],"line":193},"13":{"loc":{"start":{"line":203,"column":21},"end":{"line":203,"column":null}},"type":"binary-expr","locations":[{"start":{"line":203,"column":21},"end":{"line":203,"column":38}},{"start":{"line":203,"column":38},"end":{"line":203,"column":null}}],"line":203},"14":{"loc":{"start":{"line":213,"column":17},"end":{"line":213,"column":null}},"type":"binary-expr","locations":[{"start":{"line":213,"column":17},"end":{"line":213,"column":34}},{"start":{"line":213,"column":34},"end":{"line":213,"column":null}}],"line":213},"15":{"loc":{"start":{"line":227,"column":13},"end":{"line":227,"column":null}},"type":"binary-expr","locations":[{"start":{"line":227,"column":13},"end":{"line":227,"column":35}},{"start":{"line":227,"column":35},"end":{"line":227,"column":null}}],"line":227},"16":{"loc":{"start":{"line":239,"column":4},"end":{"line":268,"column":null}},"type":"if","locations":[{"start":{"line":239,"column":4},"end":{"line":268,"column":null}},{"start":{"line":245,"column":4},"end":{"line":268,"column":null}}],"line":239},"17":{"loc":{"start":{"line":242,"column":6},"end":{"line":244,"column":null}},"type":"if","locations":[{"start":{"line":242,"column":6},"end":{"line":244,"column":null}},{"start":{},"end":{}}],"line":242},"18":{"loc":{"start":{"line":245,"column":4},"end":{"line":268,"column":null}},"type":"if","locations":[{"start":{"line":245,"column":4},"end":{"line":268,"column":null}},{"start":{"line":257,"column":11},"end":{"line":268,"column":null}}],"line":245},"19":{"loc":{"start":{"line":248,"column":6},"end":{"line":250,"column":null}},"type":"if","locations":[{"start":{"line":248,"column":6},"end":{"line":250,"column":null}},{"start":{},"end":{}}],"line":248},"20":{"loc":{"start":{"line":253,"column":8},"end":{"line":255,"column":null}},"type":"if","locations":[{"start":{"line":253,"column":8},"end":{"line":255,"column":null}},{"start":{},"end":{}}],"line":253},"21":{"loc":{"start":{"line":253,"column":12},"end":{"line":253,"column":105}},"type":"binary-expr","locations":[{"start":{"line":253,"column":12},"end":{"line":253,"column":44}},{"start":{"line":253,"column":44},"end":{"line":253,"column":105}}],"line":253},"22":{"loc":{"start":{"line":260,"column":6},"end":{"line":262,"column":null}},"type":"if","locations":[{"start":{"line":260,"column":6},"end":{"line":262,"column":null}},{"start":{},"end":{}}],"line":260},"23":{"loc":{"start":{"line":264,"column":8},"end":{"line":266,"column":null}},"type":"if","locations":[{"start":{"line":264,"column":8},"end":{"line":266,"column":null}},{"start":{},"end":{}}],"line":264},"24":{"loc":{"start":{"line":264,"column":12},"end":{"line":264,"column":107}},"type":"binary-expr","locations":[{"start":{"line":264,"column":12},"end":{"line":264,"column":46}},{"start":{"line":264,"column":46},"end":{"line":264,"column":107}}],"line":264},"25":{"loc":{"start":{"line":278,"column":18},"end":{"line":278,"column":null}},"type":"binary-expr","locations":[{"start":{"line":278,"column":18},"end":{"line":278,"column":35}},{"start":{"line":278,"column":35},"end":{"line":278,"column":null}}],"line":278},"26":{"loc":{"start":{"line":281,"column":4},"end":{"line":283,"column":null}},"type":"if","locations":[{"start":{"line":281,"column":4},"end":{"line":283,"column":null}},{"start":{},"end":{}}],"line":281},"27":{"loc":{"start":{"line":286,"column":4},"end":{"line":295,"column":null}},"type":"switch","locations":[{"start":{"line":287,"column":6},"end":{"line":288,"column":null}},{"start":{"line":289,"column":6},"end":{"line":290,"column":null}},{"start":{"line":291,"column":6},"end":{"line":292,"column":null}},{"start":{"line":293,"column":6},"end":{"line":294,"column":null}}],"line":286},"28":{"loc":{"start":{"line":302,"column":4},"end":{"line":329,"column":null}},"type":"switch","locations":[{"start":{"line":303,"column":6},"end":{"line":304,"column":null}},{"start":{"line":305,"column":6},"end":{"line":306,"column":null}},{"start":{"line":307,"column":6},"end":{"line":308,"column":null}},{"start":{"line":309,"column":6},"end":{"line":310,"column":null}},{"start":{"line":311,"column":6},"end":{"line":312,"column":null}},{"start":{"line":313,"column":6},"end":{"line":314,"column":null}},{"start":{"line":315,"column":6},"end":{"line":316,"column":null}},{"start":{"line":317,"column":6},"end":{"line":318,"column":null}},{"start":{"line":319,"column":6},"end":{"line":320,"column":null}},{"start":{"line":321,"column":6},"end":{"line":322,"column":null}},{"start":{"line":323,"column":6},"end":{"line":324,"column":null}},{"start":{"line":325,"column":6},"end":{"line":326,"column":null}},{"start":{"line":327,"column":6},"end":{"line":328,"column":null}}],"line":302},"29":{"loc":{"start":{"line":336,"column":4},"end":{"line":352,"column":null}},"type":"switch","locations":[{"start":{"line":337,"column":6},"end":{"line":337,"column":null}},{"start":{"line":338,"column":6},"end":{"line":338,"column":null}},{"start":{"line":339,"column":6},"end":{"line":339,"column":null}},{"start":{"line":340,"column":6},"end":{"line":340,"column":null}},{"start":{"line":341,"column":6},"end":{"line":341,"column":null}},{"start":{"line":342,"column":6},"end":{"line":344,"column":null}},{"start":{"line":345,"column":6},"end":{"line":346,"column":null}},{"start":{"line":347,"column":6},"end":{"line":348,"column":null}},{"start":{"line":349,"column":6},"end":{"line":351,"column":null}}],"line":336},"30":{"loc":{"start":{"line":359,"column":23},"end":{"line":359,"column":null}},"type":"binary-expr","locations":[{"start":{"line":359,"column":23},"end":{"line":359,"column":32}},{"start":{"line":359,"column":32},"end":{"line":359,"column":null}}],"line":359},"31":{"loc":{"start":{"line":376,"column":4},"end":{"line":379,"column":null}},"type":"if","locations":[{"start":{"line":376,"column":4},"end":{"line":379,"column":null}},{"start":{},"end":{}}],"line":376},"32":{"loc":{"start":{"line":382,"column":4},"end":{"line":384,"column":null}},"type":"if","locations":[{"start":{"line":382,"column":4},"end":{"line":384,"column":null}},{"start":{},"end":{}}],"line":382},"33":{"loc":{"start":{"line":398,"column":23},"end":{"line":398,"column":null}},"type":"binary-expr","locations":[{"start":{"line":398,"column":23},"end":{"line":398,"column":32}},{"start":{"line":398,"column":32},"end":{"line":398,"column":null}}],"line":398},"34":{"loc":{"start":{"line":415,"column":4},"end":{"line":418,"column":null}},"type":"if","locations":[{"start":{"line":415,"column":4},"end":{"line":418,"column":null}},{"start":{},"end":{}}],"line":415},"35":{"loc":{"start":{"line":421,"column":21},"end":{"line":421,"column":null}},"type":"binary-expr","locations":[{"start":{"line":421,"column":21},"end":{"line":421,"column":44}},{"start":{"line":421,"column":44},"end":{"line":421,"column":56}},{"start":{"line":421,"column":56},"end":{"line":421,"column":null}}],"line":421},"36":{"loc":{"start":{"line":422,"column":4},"end":{"line":424,"column":null}},"type":"if","locations":[{"start":{"line":422,"column":4},"end":{"line":424,"column":null}},{"start":{},"end":{}}],"line":422},"37":{"loc":{"start":{"line":428,"column":21},"end":{"line":428,"column":null}},"type":"binary-expr","locations":[{"start":{"line":428,"column":21},"end":{"line":428,"column":55}},{"start":{"line":428,"column":55},"end":{"line":428,"column":78}},{"start":{"line":428,"column":78},"end":{"line":428,"column":null}}],"line":428},"38":{"loc":{"start":{"line":437,"column":23},"end":{"line":437,"column":null}},"type":"binary-expr","locations":[{"start":{"line":437,"column":23},"end":{"line":437,"column":32}},{"start":{"line":437,"column":32},"end":{"line":437,"column":null}}],"line":437},"39":{"loc":{"start":{"line":454,"column":4},"end":{"line":457,"column":null}},"type":"if","locations":[{"start":{"line":454,"column":4},"end":{"line":457,"column":null}},{"start":{},"end":{}}],"line":454},"40":{"loc":{"start":{"line":460,"column":21},"end":{"line":460,"column":null}},"type":"binary-expr","locations":[{"start":{"line":460,"column":21},"end":{"line":460,"column":44}},{"start":{"line":460,"column":44},"end":{"line":460,"column":62}},{"start":{"line":460,"column":62},"end":{"line":460,"column":null}}],"line":460},"41":{"loc":{"start":{"line":461,"column":4},"end":{"line":463,"column":null}},"type":"if","locations":[{"start":{"line":461,"column":4},"end":{"line":463,"column":null}},{"start":{},"end":{}}],"line":461},"42":{"loc":{"start":{"line":467,"column":21},"end":{"line":467,"column":null}},"type":"binary-expr","locations":[{"start":{"line":467,"column":21},"end":{"line":467,"column":55}},{"start":{"line":467,"column":55},"end":{"line":467,"column":null}}],"line":467},"43":{"loc":{"start":{"line":475,"column":4},"end":{"line":489,"column":null}},"type":"switch","locations":[{"start":{"line":476,"column":6},"end":{"line":476,"column":null}},{"start":{"line":477,"column":6},"end":{"line":477,"column":null}},{"start":{"line":478,"column":6},"end":{"line":478,"column":null}},{"start":{"line":479,"column":6},"end":{"line":479,"column":null}},{"start":{"line":480,"column":6},"end":{"line":480,"column":null}},{"start":{"line":481,"column":6},"end":{"line":482,"column":null}},{"start":{"line":483,"column":6},"end":{"line":484,"column":null}},{"start":{"line":485,"column":6},"end":{"line":486,"column":null}},{"start":{"line":487,"column":6},"end":{"line":488,"column":null}}],"line":475},"44":{"loc":{"start":{"line":496,"column":23},"end":{"line":496,"column":null}},"type":"binary-expr","locations":[{"start":{"line":496,"column":23},"end":{"line":496,"column":32}},{"start":{"line":496,"column":32},"end":{"line":496,"column":null}}],"line":496},"45":{"loc":{"start":{"line":512,"column":4},"end":{"line":515,"column":null}},"type":"if","locations":[{"start":{"line":512,"column":4},"end":{"line":515,"column":null}},{"start":{},"end":{}}],"line":512},"46":{"loc":{"start":{"line":525,"column":23},"end":{"line":525,"column":null}},"type":"binary-expr","locations":[{"start":{"line":525,"column":23},"end":{"line":525,"column":32}},{"start":{"line":525,"column":32},"end":{"line":525,"column":null}}],"line":525},"47":{"loc":{"start":{"line":544,"column":4},"end":{"line":547,"column":null}},"type":"if","locations":[{"start":{"line":544,"column":4},"end":{"line":547,"column":null}},{"start":{},"end":{}}],"line":544},"48":{"loc":{"start":{"line":557,"column":23},"end":{"line":557,"column":null}},"type":"binary-expr","locations":[{"start":{"line":557,"column":23},"end":{"line":557,"column":32}},{"start":{"line":557,"column":32},"end":{"line":557,"column":null}}],"line":557},"49":{"loc":{"start":{"line":572,"column":4},"end":{"line":575,"column":null}},"type":"if","locations":[{"start":{"line":572,"column":4},"end":{"line":575,"column":null}},{"start":{},"end":{}}],"line":572},"50":{"loc":{"start":{"line":578,"column":22},"end":{"line":578,"column":null}},"type":"binary-expr","locations":[{"start":{"line":578,"column":22},"end":{"line":578,"column":42}},{"start":{"line":578,"column":42},"end":{"line":578,"column":56}},{"start":{"line":578,"column":56},"end":{"line":578,"column":null}}],"line":578},"51":{"loc":{"start":{"line":579,"column":4},"end":{"line":581,"column":null}},"type":"if","locations":[{"start":{"line":579,"column":4},"end":{"line":581,"column":null}},{"start":{},"end":{}}],"line":579},"52":{"loc":{"start":{"line":590,"column":4},"end":{"line":598,"column":null}},"type":"switch","locations":[{"start":{"line":591,"column":6},"end":{"line":592,"column":null}},{"start":{"line":593,"column":6},"end":{"line":594,"column":null}},{"start":{"line":595,"column":6},"end":{"line":597,"column":null}}],"line":590},"53":{"loc":{"start":{"line":606,"column":23},"end":{"line":606,"column":null}},"type":"binary-expr","locations":[{"start":{"line":606,"column":23},"end":{"line":606,"column":32}},{"start":{"line":606,"column":32},"end":{"line":606,"column":null}}],"line":606},"54":{"loc":{"start":{"line":620,"column":4},"end":{"line":623,"column":null}},"type":"if","locations":[{"start":{"line":620,"column":4},"end":{"line":623,"column":null}},{"start":{},"end":{}}],"line":620},"55":{"loc":{"start":{"line":628,"column":4},"end":{"line":635,"column":null}},"type":"if","locations":[{"start":{"line":628,"column":4},"end":{"line":635,"column":null}},{"start":{},"end":{}}],"line":628},"56":{"loc":{"start":{"line":628,"column":8},"end":{"line":628,"column":33}},"type":"binary-expr","locations":[{"start":{"line":628,"column":8},"end":{"line":628,"column":24}},{"start":{"line":628,"column":24},"end":{"line":628,"column":33}}],"line":628},"57":{"loc":{"start":{"line":630,"column":16},"end":{"line":630,"column":null}},"type":"binary-expr","locations":[{"start":{"line":630,"column":16},"end":{"line":630,"column":32}},{"start":{"line":630,"column":32},"end":{"line":630,"column":null}}],"line":630},"58":{"loc":{"start":{"line":638,"column":21},"end":{"line":638,"column":null}},"type":"binary-expr","locations":[{"start":{"line":638,"column":21},"end":{"line":638,"column":39}},{"start":{"line":638,"column":39},"end":{"line":638,"column":51}},{"start":{"line":638,"column":51},"end":{"line":638,"column":null}}],"line":638},"59":{"loc":{"start":{"line":639,"column":4},"end":{"line":641,"column":null}},"type":"if","locations":[{"start":{"line":639,"column":4},"end":{"line":641,"column":null}},{"start":{},"end":{}}],"line":639},"60":{"loc":{"start":{"line":651,"column
[...]
tart":{"line":154,"column":8},"end":{"line":154,"column":null}},"57":{"start":{"line":157,"column":25},"end":{"line":157,"column":null}},"58":{"start":{"line":158,"column":2},"end":{"line":166,"column":null}},"59":{"start":{"line":159,"column":4},"end":{"line":165,"column":null}},"60":{"start":{"line":160,"column":6},"end":{"line":160,"column":null}},"61":{"start":{"line":161,"column":6},"end":{"line":161,"column":null}},"62":{"start":{"line":162,"column":6},"end":{"line":162,"column":null}},"63":{"start":{"line":169,"column":2},"end":{"line":177,"column":null}},"64":{"start":{"line":170,"column":4},"end":{"line":176,"column":null}},"65":{"start":{"line":171,"column":6},"end":{"line":171,"column":null}},"66":{"start":{"line":172,"column":6},"end":{"line":172,"column":null}},"67":{"start":{"line":173,"column":6},"end":{"line":173,"column":null}},"68":{"start":{"line":175,"column":6},"end":{"line":175,"column":null}},"69":{"start":{"line":179,"column":2},"end":{"line":179,"column":null}},"70":{"start":{"line":200,"column":2},"end":{"line":200,"column":null}},"71":{"start":{"line":203,"column":2},"end":{"line":212,"column":null}},"72":{"start":{"line":204,"column":10},"end":{"line":204,"column":null}},"73":{"start":{"line":205,"column":19},"end":{"line":205,"column":null}},"74":{"start":{"line":206,"column":4},"end":{"line":211,"column":null}},"75":{"start":{"line":207,"column":6},"end":{"line":207,"column":null}},"76":{"start":{"line":208,"column":6},"end":{"line":208,"column":null}},"77":{"start":{"line":210,"column":6},"end":{"line":210,"column":null}},"78":{"start":{"line":215,"column":2},"end":{"line":224,"column":null}},"79":{"start":{"line":216,"column":10},"end":{"line":216,"column":null}},"80":{"start":{"line":217,"column":19},"end":{"line":217,"column":null}},"81":{"start":{"line":218,"column":4},"end":{"line":223,"column":null}},"82":{"start":{"line":219,"column":6},"end":{"line":219,"column":null}},"83":{"start":{"line":220,"column":6},"end":{"line":220,"column":null}},"84":{"start":{"line":222,"column":6},"end":{"line":222,"column":null}},"85":{"start":{"line":227,"column":2},"end":{"line":239,"column":null}},"86":{"start":{"line":228,"column":10},"end":{"line":228,"column":null}},"87":{"start":{"line":229,"column":4},"end":{"line":238,"column":null}},"88":{"start":{"line":230,"column":6},"end":{"line":237,"column":null}},"89":{"start":{"line":231,"column":8},"end":{"line":231,"column":null}},"90":{"start":{"line":232,"column":8},"end":{"line":232,"column":null}},"91":{"start":{"line":233,"column":8},"end":{"line":233,"column":null}},"92":{"start":{"line":234,"column":8},"end":{"line":234,"column":null}},"93":{"start":{"line":236,"column":8},"end":{"line":236,"column":null}},"94":{"start":{"line":242,"column":2},"end":{"line":258,"column":null}},"95":{"start":{"line":243,"column":10},"end":{"line":244,"column":null}},"96":{"start":{"line":246,"column":4},"end":{"line":257,"column":null}},"97":{"start":{"line":247,"column":6},"end":{"line":256,"column":null}},"98":{"start":{"line":248,"column":8},"end":{"line":255,"column":null}},"99":{"start":{"line":249,"column":10},"end":{"line":249,"column":null}},"100":{"start":{"line":250,"column":10},"end":{"line":250,"column":null}},"101":{"start":{"line":251,"column":10},"end":{"line":251,"column":null}},"102":{"start":{"line":252,"column":10},"end":{"line":252,"column":null}},"103":{"start":{"line":254,"column":10},"end":{"line":254,"column":null}},"104":{"start":{"line":261,"column":2},"end":{"line":273,"column":null}},"105":{"start":{"line":262,"column":25},"end":{"line":262,"column":null}},"106":{"start":{"line":263,"column":4},"end":{"line":272,"column":null}},"107":{"start":{"line":264,"column":6},"end":{"line":271,"column":null}},"108":{"start":{"line":265,"column":8},"end":{"line":265,"column":null}},"109":{"start":{"line":266,"column":8},"end":{"line":266,"column":null}},"110":{"start":{"line":267,"column":8},"end":{"line":267,"column":null}},"111":{"start":{"line":268,"column":8},"end":{"line":268,"column":null}},"112":{"start":{"line":270,"column":8},"end":{"line":270,"column":null}},"113":{"start":{"line":282,"column":2},"end":{"line":282,"column":null}},"114":{"start":{"line":284,"column":8},"end":{"line":284,"column":null}},"115":{"start":{"line":287,"column":2},"end":{"line":287,"column":null}},"116":{"start":{"line":287,"column":28},"end":{"line":287,"column":74}},"117":{"start":{"line":288,"column":2},"end":{"line":288,"column":null}},"118":{"start":{"line":291,"column":18},"end":{"line":291,"column":null}},"119":{"start":{"line":292,"column":2},"end":{"line":307,"column":null}},"120":{"start":{"line":293,"column":4},"end":{"line":293,"column":null}},"121":{"start":{"line":294,"column":4},"end":{"line":294,"column":null}},"122":{"start":{"line":297,"column":27},"end":{"line":297,"column":null}},"123":{"start":{"line":298,"column":4},"end":{"line":304,"column":null}},"124":{"start":{"line":299,"column":22},"end":{"line":299,"column":null}},"125":{"start":{"line":300,"column":6},"end":{"line":303,"column":null}},"126":{"start":{"line":301,"column":26},"end":{"line":301,"column":null}},"127":{"start":{"line":302,"column":8},"end":{"line":302,"column":null}},"128":{"start":{"line":306,"column":4},"end":{"line":306,"column":null}}},"fnMap":{"0":{"name":"randomDelay","decl":{"start":{"line":16,"column":22},"end":{"line":16,"column":34}},"loc":{"start":{"line":16,"column":93},"end":{"line":30,"column":null}},"line":16},"1":{"name":"(anonymous_1)","decl":{"start":{"line":29,"column":20},"end":{"line":29,"column":31}},"loc":{"start":{"line":29,"column":31},"end":{"line":29,"column":64}},"line":29},"2":{"name":"jitterDelay","decl":{"start":{"line":35,"column":22},"end":{"line":35,"column":34}},"loc":{"start":{"line":35,"column":94},"end":{"line":38,"column":null}},"line":35},"3":{"name":"(anonymous_3)","decl":{"start":{"line":37,"column":20},"end":{"line":37,"column":31}},"loc":{"start":{"line":37,"column":31},"end":{"line":37,"column":79}},"line":37},"4":{"name":"navigateTo","decl":{"start":{"line":45,"column":22},"end":{"line":45,"column":33}},"loc":{"start":{"line":45,"column":94},"end":{"line":52,"column":null}},"line":45},"5":{"name":"navigateToPublish","decl":{"start":{"line":57,"column":22},"end":{"line":57,"column":40}},"loc":{"start":{"line":57,"column":87},"end":{"line":65,"column":null}},"line":57},"6":{"name":"trySelectors","decl":{"start":{"line":72,"column":22},"end":{"line":72,"column":null}},"loc":{"start":{"line":77,"column":20},"end":{"line":93,"column":null}},"line":77},"7":{"name":"humanClick","decl":{"start":{"line":100,"column":22},"end":{"line":100,"column":33}},"loc":{"start":{"line":100,"column":78},"end":{"line":132,"column":null}},"line":100},"8":{"name":"humanScroll","decl":{"start":{"line":137,"column":22},"end":{"line":137,"column":34}},"loc":{"start":{"line":137,"column":77},"end":{"line":146,"column":null}},"line":137},"9":{"name":"checkLoginState","decl":{"start":{"line":153,"column":22},"end":{"line":153,"column":38}},"loc":{"start":{"line":153,"column":88},"end":{"line":180,"column":null}},"line":153},"10":{"name":"fillPublishForm","decl":{"start":{"line":195,"column":22},"end":{"line":195,"column":null}},"loc":{"start":{"line":199,"column":17},"end":{"line":274,"column":null}},"line":199},"11":{"name":"confirmPublish","decl":{"start":{"line":281,"column":22},"end":{"line":281,"column":37}},"loc":{"start":{"line":281,"column":84},"end":{"line":308,"column":null}},"line":281},"12":{"name":"(anonymous_12)","decl":{"start":{"line":287,"column":22},"end":{"line":287,"column":28}},"loc":{"start":{"line":287,"column":28},"end":{"line":287,"column":74}},"line":287}},"branchMap":{"0":{"loc":{"start":{"line":16,"column":34},"end":{"line":16,"column":56}},"type":"default-arg","locations":[{"start":{"line":16,"column":50},"end":{"line":16,"column":56}}],"line":16},"1":{"loc":{"start":{"line":16,"column":56},"end":{"line":16,"column":93}},"type":"default-arg","locations":[{"start":{"line":16,"column":72},"end":{"line":16,"column":93}}],"line":16},"2":{"loc":{"start":{"line":35,"column":50},"end":{"line":35,"column":94}},"type":"default-arg","locations":[{"start":{"line":35,"column":74},"end":{"line":35,"column":94}}],"line":35},"3":{"loc":{"start":{"line":80,"column":6},"end":{"line":86,"column":null}},"type":"if","locations":[{"start":{"line":80,"column":6},"end":{"line":86,"column":null}},{"start":{"line":82,"column":6},"end":{"line":86,"column":null}}],"line":80},"4":{"loc":{"start":{"line":80,"column":10},"end":{"line":80,"column":52}},"type":"binary-expr","locations":[{"start":{"line":80,"column":10},"end":{"line":80,"column":31}},{"start":{"line":80,"column":31},"end":{"line":80,"column":52}}],"line":80},"5":{"loc":{"start":{"line":82,"column":6},"end":{"line":86,"column":null}},"type":"if","locations":[{"start":{"line":82,"column":6},"end":{"line":86,"column":null}},{"start":{"line":84,"column":6},"end":{"line":86,"column":null}}],"line":82},"6":{"loc":{"start":{"line":84,"column":6},"end":{"line":86,"column":null}},"type":"if","locations":[{"start":{"line":84,"column":6},"end":{"line":86,"column":null}},{"start":{},"end":{}}],"line":84},"7":{"loc":{"start":{"line":103,"column":2},"end":{"line":103,"column":null}},"type":"if","locations":[{"start":{"line":103,"column":2},"end":{"line":103,"column":null}},{"start":{},"end":{}}],"line":103},"8":{"loc":{"start":{"line":107,"column":17},"end":{"line":107,"column":null}},"type":"cond-expr","locations":[{"start":{"line":107,"column":28},"end":{"line":107,"column":49}},{"start":{"line":107,"column":49},"end":{"line":107,"column":null}}],"line":107},"9":{"loc":{"start":{"line":108,"column":17},"end":{"line":108,"column":null}},"type":"cond-expr","locations":[{"start":{"line":108,"column":28},"end":{"line":108,"column":50}},{"start":{"line":108,"column":50},"end":{"line":108,"column":null}}],"line":108},"10":{"loc":{"start":{"line":139,"column":20},"end":{"line":139,"column":null}},"type":"cond-expr","locations":[{"start":{"line":139,"column":33},"end":{"line":139,"column":37}},{"start":{"line":139,"column":37},"end":{"line":139,"column":null}}],"line":139},"11":{"loc":{"start":{"line":203,"column":2},"end":{"line":212,"column":null}},"type":"if","locations":[{"start":{"line":203,"column":2},"end":{"line":212,"column":null}},{"start":{},"end":{}}],"line":203},"12":{"loc":{"start":{"line":206,"column":4},"end":{"line":211,"column":null}},"type":"if","locations":[{"start":{"line":206,"column":4},"end":{"line":211,"column":null}},{"start":{"line":209,"column":11},"end":{"line":211,"column":null}}],"line":206},"13":{"loc":{"start":{"line":215,"column":2},"end":{"line":224,"column":null}},"type":"if","locations":[{"start":{"line":215,"column":2},"end":{"line":224,"column":null}},{"start":{},"end":{}}],"line":215},"14":{"loc":{"start":{"line":218,"column":4},"end":{"line":223,"column":null}},"type":"if","locations":[{"start":{"line":218,"column":4},"end":{"line":223,"column":null}},{"start":{"line":221,"column":11},"end":{"line":223,"column":null}}],"line":218},"15":{"loc":{"start":{"line":227,"column":2},"end":{"line":239,"column":null}},"type":"if","locations":[{"start":{"line":227,"column":2},"end":{"line":239,"column":null}},{"start":{},"end":{}}],"line":227},"16":{"loc":{"start":{"line":242,"column":2},"end":{"line":258,"column":null}},"type":"if","locations":[{"start":{"line":242,"column":2},"end":{"line":258,"column":null}},{"start":{},"end":{}}],"line":242},"17":{"loc":{"start":{"line":242,"column":6},"end":{"line":242,"column":55}},"type":"binary-expr","locations":[{"start":{"line":242,"column":6},"end":{"line":242,"column":24}},{"start":{"line":242,"column":24},"end":{"line":242,"column":55}}],"line":242},"18":{"loc":{"start":{"line":243,"column":10},"end":{"line":244,"column":null}},"type":"binary-expr","locations":[{"start":{"line":243,"column":10},"end":{"line":243,"column":null}},{"start":{"line":243,"column":70},"end":{"line":244,"column":null}}],"line":243},"19":{"loc":{"start":{"line":261,"column":2},"end":{"line":273,"column":null}},"type":"if","locations":[{"start":{"line":261,"column":2},"end":{"line":273,"column":null}},{"start":{},"end":{}}],"line":261},"20":{"loc":{"start":{"line":261,"column":6},"end":{"line":261,"column":56}},"type":"binary-expr","locations":[{"start":{"line":261,"column":6},"end":{"line":261,"column":22}},{"start":{"line":261,"column":22},"end":{"line":261,"column":56}}],"line":261},"21":{"loc":{"start":{"line":292,"column":2},"end":{"line":307,"column":null}},"type":"if","locations":[{"start":{"line":292,"column":2},"end":{"line":307,"column":null}},{"start":{"line":305,"column":9},"end":{"line":307,"column":null}}],"line":292},"22":{"loc":{"start":{"line":300,"column":6},"end":{"line":303,"column":null}},"type":"if","locations":[{"start":{"line":300,"column":6},"end":{"line":303,"column":null}},{"start":{},"end":{}}],"line":300}},"s":{"0":0,"1":0,"2":0,"3":0,"4":0,"5":0,"6":0,"7":0,"8":0,"9":0,"10":0,"11":0,"12":0,"13":0,"14":0,"15":0,"16":0,"17":0,"18":0,"19":0,"20":0,"21":0,"22":0,"23":0,"24":0,"25":0,"26":0,"27":0,"28":0,"29":0,"30":0,"31":0,"32":0,"33":0,"34":0,"35":0,"36":0,"37":0,"38":0,"39":0,"40":0,"41":0,"42":0,"43":0,"44":0,"45":0,"46":0,"47":0,"48":0,"49":0,"50":0,"51":0,"52":0,"53":0,"54":0,"55":0,"56":0,"57":0,"58":0,"59":0,"60":0,"61":0,"62":0,"63":0,"64":0,"65":0,"66":0,"67":0,"68":0,"69":0,"70":0,"71":0,"72":0,"73":0,"74":0,"75":0,"76":0,"77":0,"78":0,"79":0,"80":0,"81":0,"82":0,"83":0,"84":0,"85":0,"86":0,"87":0,"88":0,"89":0,"90":0,"91":0,"92":0,"93":0,"94":0,"95":0,"96":0,"97":0,"98":0,"99":0,"100":0,"101":0,"102":0,"103":0,"104":0,"105":0,"106":0,"107":0,"108":0,"109":0,"110":0,"111":0,"112":0,"113":0,"114":0,"115":0,"116":0,"117":0,"118":0,"119":0,"120":0,"121":0,"122":0,"123":0,"124":0,"125":0,"126":0,"127":0,"128":0},"f":{"0":0,"1":0,"2":0,"3":0,"4":0,"5":0,"6":0,"7":0,"8":0,"9":0,"10":0,"11":0,"12":0},"b":{"0":[0],"1":[0],"2":[0],"3":[0,0],"4":[0,0],"5":[0,0],"6":[0,0],"7":[0,0],"8":[0,0],"9":[0,0],"10":[0,0],"11":[0,0],"12":[0,0],"13":[0,0],"14":[0,0],"15":[0,0],"16":[0,0],"17":[0,0],"18":[0,0],"19":[0,0],"20":[0,0],"21":[0,0],"22":[0,0]},"meta":{"lastBranch":23,"lastFunction":13,"lastStatement":129,"seen":{"f:16:22:16:34":0,"b:16:50:16:56":0,"b:16:72:16:93":1,"s:18:8:18:Infinity":0,"s:19:8:19:Infinity":1,"s:22:13:22:Infinity":2,"s:23:13:23:Infinity":3,"s:24:12:24:Infinity":4,"s:25:16:25:Infinity":5,"s:28:23:28:Infinity":6,"s:29:2:29:Infinity":7,"f:29:20:29:31":1,"s:29:31:29:64":8,"f:35:22:35:34":2,"b:35:74:35:94":2,"s:36:17:36:Infinity":9,"s:37:2:37:Infinity":10,"f:37:20:37:31":3,"s:37:31:37:79":11,"f:45:22:45:33":4,"s:46:8:46:Infinity":12,"s:47:14:47:Infinity":13,"s:48:2:48:Infinity":14,"s:49:2:49:Infinity":15,"s:50:2:50:Infinity":16,"s:51:2:51:Infinity":17,"f:57:22:57:40":5,"s:58:28:58:Infinity":18,"s:59:14:59:Infinity":19,"s:60:2:60:Infinity":20,"s:62:2:62:Infinity":21,"s:63:2:63:Infinity":22,"s:64:2:64:Infinity":23,"f:72:22:72:Infinity":6,"s:78:2:91:Infinity":24,"s:79:4:90:Infinity":25,"b:80:6:86:Infinity:82:6:86:Infinity":3,"s:80:6:86:Infinity":26,"b:80:10:80:31:80:31:80:52":4,"s:81:8:81:Infinity":27,"b:82:6:86:Infinity:84:6:86:Infinity":5,"s:82:6:86:Infinity":28,"s:83:8:83:Infinity":29,"b:84:6:86:Infinity:undefined:undefined:undefined:undefined":6,"s:84:6:86:Infinity":30,"s:85:8:85:Infinity":31,"s:87:6:87:Infinity":32,"s:89:6:89:Infinity":33,"s:92:2:92:Infinity":34,"f:100:22:100:33":7,"s:102:14:102:Infinity":35,"b:103:2:103:Infinity:undefined:undefined:undefined:undefined":7,"s:103:2:103:Infinity":36,"s:103:12:103:Infinity":37,"s:106:19:106:Infinity":38,"s:107:17:107:Infinity":39,"b:107:28:107:49:107:49:107:Infinity":8,"s:108:17:108:Infinity":40,"b:108:28:108:50:108:50:108:Infinity":9,"s:111:18:111:Infinity":41,"s:112:18:112:Infinity":42,"s:115:8:119:Infinity":43,"s:121:2:124:Infinity":44,"s:122:4:122:Infinity":45,"s:123:4:123:Infinity":46,"s:127:8:127:Infinity":47,"s:128:2:128:Infinity":48,"s:131:2:131:Infinity":49,"f:137:22:137:34":8,"s:138:8:138:Infinity":50,"s:139:20:139:Infinity":51,"b:139:33:139:37:139:37:139:Infinity":10,"s:141:2:145:Infinity":52,"s:142:4:142:Infinity":53,"s:143:4:143:Infinity":54,"s:144:4:144:Infinity":55,"f:153:22:153:38":9,"s:154:8:154:Infinity":56,"s:157:25:157:Infinity":57,"s:158:2:166:Infinity":58,"s:159:4:165:Infinity":59,"s:160:6:160:Infinity":60,"s:161:6:161:Infinity":61,"s:162:6:162:Infinity":62,"s:169:2:177:Infinity":63,"s:170:4:176:Infinity":64,"s:171:6:171:Infinity":65,"s:172:6:172:Infinity":66,"s:173:6:173:Infinity":67,"s:175:6:175:Infinity":68,"s:179:2:179:Infinity":69,"f:195:22:195:Infinity":10,"s:200:2:200:Infinity":70,"b:203:2:212:Infinity:undefined:undefined:undefined:undefined":11,"s:203:2:212:Infinity":71,"s:204:10:204:Infinity":72,"s:205:19:205:Infinity":73,"b:206:4:211:Infinity:209:11:211:Infinity":12,"s:206:4:211:Infinity":74,"s:207:6:207:Infinity":75,"s:208:6:208:Infinity":76,"s:210:6:210:Infinity":77,"b:215:2:224:Infinity:undefined:undefined:undefined:undefined":13,"s:215:2:224:Infinity":78,"s:216:10:216:Infinity":79,"s:217:19:217:Infinity":80,"b:218:4:223:Infinity:221:11:223:Infinity":14,"s:218:4:223:Infinity":81,"s:219:6:219:Infinity":82,"s:220:6:220:Infinity":83,"s:222:6:222:Infinity":84,"b:227:2:239:Infinity:undefined:undefined:undefined:undefined":15,"s:227:2:239:Infinity":85,"s:228:10:228:Infinity":86,"s:229:4:238:Infinity":87,"s:230:6:237:Infinity":88,"s:231:8:231:Infinity":89,"s:232:8:232:Infinity":90,"s:233:8:233:Infinity":91,"s:234:8:234:Infinity":92,"s:236:8:236:Infinity":93,"b:242:2:258:Infinity:undefined:undefined:undefined:undefined":16,"s:242:2:258:Infinity":94,"b:242:6:242:24:242:24:242:55":17,"s:243:10:244:Infinity":95,"b:243:10:243:Infinity:243:70:244:Infinity":18,"s:246:4:257:Infinity":96,"s:247:6:256:Infinity":97,"s:248:8:255:Infinity":98,"s:249:10:249:Infinity":99,"s:250:10:250:Infinity":100,"s:251:10:251:Infinity":101,"s:252:10:252:Infinity":102,"s:254:10:254:Infinity":103,"b:261:2:273:Infinity:undefined:undefined:undefined:undefined":19,"s:261:2:273:Infinity":104,"b:261:6:261:22:261:22:261:56":20,"s:262:25:262:Infinity":105,"s:263:4:272:Infinity":106,"s:264:6:271:Infinity":107,"s:265:8:265:Infinity":108,"s:266:8:266:Infinity":109,"s:267:8:267:Infinity":110,"s:268:8:268:Infinity":111,"s:270:8:270:Infinity":112,"f:281:22:281:37":11,"s:282:2:282:Infinity":113,"s:284:8:284:Infinity":114,"s:287:2:287:Infinity":115,"f:287:22:287:28":12,"s:287:28:287:74":116,"s:288:2:288:Infinity":117,"s:291:18:291:Infinity":118,"b:292:2:307:Infinity:305:9:307:Infinity":21,"s:292:2:307:Infinity":119,"s:293:4:293:Infinity":120,"s:294:4:294:Infinity":121,"s:297:27:297:Infinity":122,"s:298:4:304:Infinity":123,"s:299:22:299:Infinity":124,"b:300:6:303:Infinity:undefined:undefined:undefined:undefined":22,"s:300:6:303:Infinity":125,"s:301:26:301:Infinity":126,"s:302:8:302:Infinity":127,"s:306:4:306:Infinity":128}}}
,"/Users/lylyyds/Desktop/ai运营大师/src/service/utils/sleep.ts": {"path":"/Users/lylyyds/Desktop/ai运营大师/src/service/utils/sleep.ts","statementMap":{"0":{"start":{"line":6,"column":2},"end":{"line":6,"column":null}},"1":{"start":{"line":6,"column":32},"end":{"line":6,"column":55}}},"fnMap":{"0":{"name":"sleep","decl":{"start":{"line":5,"column":16},"end":{"line":5,"column":22}},"loc":{"start":{"line":5,"column":49},"end":{"line":7,"column":null}},"line":5},"1":{"name":"(anonymous_1)","decl":{"start":{"line":6,"column":21},"end":{"line":6,"column":32}},"loc":{"start":{"line":6,"column":32},"end":{"line":6,"column":55}},"line":6}},"branchMap":{},"s":{"0":0,"1":0},"f":{"0":0,"1":0},"b":{},"meta":{"lastBranch":0,"lastFunction":2,"lastStatement":2,"seen":{"f:5:16:5:22":0,"s:6:2:6:Infinity":0,"f:6:21:6:32":1,"s:6:32:6:55":1}}}
,"/Users/lylyyds/Desktop/ai运营大师/src/shared/types.ts": {"path":"/Users/lylyyds/Desktop/ai运营大师/src/shared/types.ts","statementMap":{},"fnMap":{},"branchMap":{},"s":{},"f":{},"b":{},"meta":{"lastBranch":0,"lastFunction":0,"lastStatement":0,"seen":{}}}
}
